<?xml version="1.0" encoding="UTF-8"?>
<testng-results skipped="0" failed="8" total="45" passed="37">
  <reporter-output>
  </reporter-output>
  <suite name="Default suite" duration-ms="117" started-at="2015-10-26T22:29:54Z" finished-at="2015-10-26T22:29:54Z">
    <groups>
      <group name="Phase3">
        <method signature="CalcAreaStaticTests.testCalcAreaStaticAO(double, double)[pri:0, instance:com.sqa.ao.helped.CalcAreaStaticTests@1596138]" name="testCalcAreaStaticAO" class="com.sqa.ao.helped.CalcAreaStaticTests"/>
        <method signature="CalcAreaStaticTests.testCalcAreaStaticAP(double, double)[pri:0, instance:com.sqa.ao.helped.CalcAreaStaticTests@1596138]" name="testCalcAreaStaticAP" class="com.sqa.ao.helped.CalcAreaStaticTests"/>
        <method signature="CalcAreaStaticTests.testCalcAreaStaticLL(double, double)[pri:0, instance:com.sqa.ao.helped.CalcAreaStaticTests@1596138]" name="testCalcAreaStaticLL" class="com.sqa.ao.helped.CalcAreaStaticTests"/>
        <method signature="CalcAreaStaticTests.testCalcAreaStaticPN(double, double)[pri:0, instance:com.sqa.ao.helped.CalcAreaStaticTests@1596138]" name="testCalcAreaStaticPN" class="com.sqa.ao.helped.CalcAreaStaticTests"/>
        <method signature="CalcAreaStaticTests.testCalcAreaStaticTS(double, double)[pri:0, instance:com.sqa.ao.helped.CalcAreaStaticTests@1596138]" name="testCalcAreaStaticTS" class="com.sqa.ao.helped.CalcAreaStaticTests"/>
      </group> <!-- Phase3 -->
      <group name="Phase2">
        <method signature="CalcAreaStaticTests.testCalcAreaStaticAO(double, double)[pri:0, instance:com.sqa.ao.helped.CalcAreaStaticTests@1596138]" name="testCalcAreaStaticAO" class="com.sqa.ao.helped.CalcAreaStaticTests"/>
        <method signature="CalcAreaStaticTests.testCalcAreaStaticAP(double, double)[pri:0, instance:com.sqa.ao.helped.CalcAreaStaticTests@1596138]" name="testCalcAreaStaticAP" class="com.sqa.ao.helped.CalcAreaStaticTests"/>
        <method signature="CalcAreaStaticTests.testCalcAreaStaticLL(double, double)[pri:0, instance:com.sqa.ao.helped.CalcAreaStaticTests@1596138]" name="testCalcAreaStaticLL" class="com.sqa.ao.helped.CalcAreaStaticTests"/>
        <method signature="CalcAreaStaticTests.testCalcAreaStaticPN(double, double)[pri:0, instance:com.sqa.ao.helped.CalcAreaStaticTests@1596138]" name="testCalcAreaStaticPN" class="com.sqa.ao.helped.CalcAreaStaticTests"/>
        <method signature="CalcAreaStaticTests.testCalcAreaStaticTS(double, double)[pri:0, instance:com.sqa.ao.helped.CalcAreaStaticTests@1596138]" name="testCalcAreaStaticTS" class="com.sqa.ao.helped.CalcAreaStaticTests"/>
      </group> <!-- Phase2 -->
    </groups>
    <test name="Default test" duration-ms="117" started-at="2015-10-26T22:29:54Z" finished-at="2015-10-26T22:29:54Z">
      <class name="com.sqa.ao.helped.CalcAreaStaticTests">
        <test-method status="FAIL" signature="testCalcAreaStaticAO(double, double)[pri:0, instance:com.sqa.ao.helped.CalcAreaStaticTests@1596138]" name="testCalcAreaStaticAO" duration-ms="23" started-at="2015-10-26T15:29:54Z" data-provider="Calc Circle Area Static" finished-at="2015-10-26T15:29:54Z">
          <params>
            <param index="0">
              <value>
                <![CDATA[1]]>
              </value>
            </param>
            <param index="1">
              <value>
                <![CDATA[3.14]]>
              </value>
            </param>
          </params>
          <exception class="java.lang.AssertionError">
            <message>
              <![CDATA[expected [3.14] but found [3.141592653589793]]]>
            </message>
            <full-stacktrace>
              <![CDATA[java.lang.AssertionError: expected [3.14] but found [3.141592653589793]
	at org.testng.Assert.fail(Assert.java:94)
	at org.testng.Assert.failNotEquals(Assert.java:494)
	at org.testng.Assert.assertEquals(Assert.java:123)
	at org.testng.Assert.assertEquals(Assert.java:165)
	at com.sqa.ao.helped.CalcAreaStaticTests.testCalcAreaStaticAO(CalcAreaStaticTests.java:18)
	at sun.reflect.NativeMethodAccessorImpl.invoke0(Native Method)
	at sun.reflect.NativeMethodAccessorImpl.invoke(NativeMethodAccessorImpl.java:57)
	at sun.reflect.DelegatingMethodAccessorImpl.invoke(DelegatingMethodAccessorImpl.java:43)
	at java.lang.reflect.Method.invoke(Method.java:606)
	at org.testng.internal.MethodInvocationHelper.invokeMethod(MethodInvocationHelper.java:84)
	at org.testng.internal.Invoker.invokeMethod(Invoker.java:714)
	at org.testng.internal.Invoker.invokeTestMethod(Invoker.java:901)
	at org.testng.internal.Invoker.invokeTestMethods(Invoker.java:1231)
	at org.testng.internal.TestMethodWorker.invokeTestMethods(TestMethodWorker.java:127)
	at org.testng.internal.TestMethodWorker.run(TestMethodWorker.java:111)
	at org.testng.TestRunner.privateRun(TestRunner.java:767)
	at org.testng.TestRunner.run(TestRunner.java:617)
	at org.testng.SuiteRunner.runTest(SuiteRunner.java:348)
	at org.testng.SuiteRunner.runSequentially(SuiteRunner.java:343)
	at org.testng.SuiteRunner.privateRun(SuiteRunner.java:305)
	at org.testng.SuiteRunner.run(SuiteRunner.java:254)
	at org.testng.SuiteRunnerWorker.runSuite(SuiteRunnerWorker.java:52)
	at org.testng.SuiteRunnerWorker.run(SuiteRunnerWorker.java:86)
	at org.testng.TestNG.runSuitesSequentially(TestNG.java:1224)
	at org.testng.TestNG.runSuitesLocally(TestNG.java:1149)
	at org.testng.TestNG.run(TestNG.java:1057)
	at org.testng.remote.RemoteTestNG.run(RemoteTestNG.java:111)
	at org.testng.remote.RemoteTestNG.initAndRun(RemoteTestNG.java:204)
	at org.testng.remote.RemoteTestNG.main(RemoteTestNG.java:175)
]]>
            </full-stacktrace>
          </exception> <!-- java.lang.AssertionError -->
          <reporter-output>
          </reporter-output>
        </test-method> <!-- testCalcAreaStaticAO -->
        <test-method status="FAIL" signature="testCalcAreaStaticAO(double, double)[pri:0, instance:com.sqa.ao.helped.CalcAreaStaticTests@1596138]" name="testCalcAreaStaticAO" duration-ms="1" started-at="2015-10-26T15:29:54Z" data-provider="Calc Circle Area Static" finished-at="2015-10-26T15:29:54Z">
          <params>
            <param index="0">
              <value>
                <![CDATA[2]]>
              </value>
            </param>
            <param index="1">
              <value>
                <![CDATA[12.56]]>
              </value>
            </param>
          </params>
          <exception class="java.lang.AssertionError">
            <message>
              <![CDATA[expected [12.56] but found [12.566370614359172]]]>
            </message>
            <full-stacktrace>
              <![CDATA[java.lang.AssertionError: expected [12.56] but found [12.566370614359172]
	at org.testng.Assert.fail(Assert.java:94)
	at org.testng.Assert.failNotEquals(Assert.java:494)
	at org.testng.Assert.assertEquals(Assert.java:123)
	at org.testng.Assert.assertEquals(Assert.java:165)
	at com.sqa.ao.helped.CalcAreaStaticTests.testCalcAreaStaticAO(CalcAreaStaticTests.java:18)
	at sun.reflect.NativeMethodAccessorImpl.invoke0(Native Method)
	at sun.reflect.NativeMethodAccessorImpl.invoke(NativeMethodAccessorImpl.java:57)
	at sun.reflect.DelegatingMethodAccessorImpl.invoke(DelegatingMethodAccessorImpl.java:43)
	at java.lang.reflect.Method.invoke(Method.java:606)
	at org.testng.internal.MethodInvocationHelper.invokeMethod(MethodInvocationHelper.java:84)
	at org.testng.internal.Invoker.invokeMethod(Invoker.java:714)
	at org.testng.internal.Invoker.invokeTestMethod(Invoker.java:901)
	at org.testng.internal.Invoker.invokeTestMethods(Invoker.java:1231)
	at org.testng.internal.TestMethodWorker.invokeTestMethods(TestMethodWorker.java:127)
	at org.testng.internal.TestMethodWorker.run(TestMethodWorker.java:111)
	at org.testng.TestRunner.privateRun(TestRunner.java:767)
	at org.testng.TestRunner.run(TestRunner.java:617)
	at org.testng.SuiteRunner.runTest(SuiteRunner.java:348)
	at org.testng.SuiteRunner.runSequentially(SuiteRunner.java:343)
	at org.testng.SuiteRunner.privateRun(SuiteRunner.java:305)
	at org.testng.SuiteRunner.run(SuiteRunner.java:254)
	at org.testng.SuiteRunnerWorker.runSuite(SuiteRunnerWorker.java:52)
	at org.testng.SuiteRunnerWorker.run(SuiteRunnerWorker.java:86)
	at org.testng.TestNG.runSuitesSequentially(TestNG.java:1224)
	at org.testng.TestNG.runSuitesLocally(TestNG.java:1149)
	at org.testng.TestNG.run(TestNG.java:1057)
	at org.testng.remote.RemoteTestNG.run(RemoteTestNG.java:111)
	at org.testng.remote.RemoteTestNG.initAndRun(RemoteTestNG.java:204)
	at org.testng.remote.RemoteTestNG.main(RemoteTestNG.java:175)
]]>
            </full-stacktrace>
          </exception> <!-- java.lang.AssertionError -->
          <reporter-output>
          </reporter-output>
        </test-method> <!-- testCalcAreaStaticAO -->
        <test-method status="PASS" signature="testCalcAreaStaticAO(double, double)[pri:0, instance:com.sqa.ao.helped.CalcAreaStaticTests@1596138]" name="testCalcAreaStaticAO" duration-ms="1" started-at="2015-10-26T15:29:54Z" data-provider="Calc Circle Area Static" finished-at="2015-10-26T15:29:54Z">
          <params>
            <param index="0">
              <value>
                <![CDATA[0]]>
              </value>
            </param>
            <param index="1">
              <value>
                <![CDATA[0]]>
              </value>
            </param>
          </params>
          <reporter-output>
          </reporter-output>
        </test-method> <!-- testCalcAreaStaticAO -->
        <test-method status="PASS" signature="testCalcAreaStaticAO(double, double)[pri:0, instance:com.sqa.ao.helped.CalcAreaStaticTests@1596138]" name="testCalcAreaStaticAO" duration-ms="1" started-at="2015-10-26T15:29:54Z" data-provider="Calc Circle Area Static" finished-at="2015-10-26T15:29:54Z">
          <params>
            <param index="0">
              <value>
                <![CDATA[0]]>
              </value>
            </param>
            <param index="1">
              <value>
                <![CDATA[0]]>
              </value>
            </param>
          </params>
          <reporter-output>
          </reporter-output>
        </test-method> <!-- testCalcAreaStaticAO -->
        <test-method status="PASS" signature="testCalcAreaStaticAO(double, double)[pri:0, instance:com.sqa.ao.helped.CalcAreaStaticTests@1596138]" name="testCalcAreaStaticAO" duration-ms="1" started-at="2015-10-26T15:29:54Z" data-provider="Calc Circle Area Static" finished-at="2015-10-26T15:29:54Z">
          <params>
            <param index="0">
              <value>
                <![CDATA[0]]>
              </value>
            </param>
            <param index="1">
              <value>
                <![CDATA[0]]>
              </value>
            </param>
          </params>
          <reporter-output>
          </reporter-output>
        </test-method> <!-- testCalcAreaStaticAO -->
        <test-method status="PASS" signature="testCalcAreaStaticAO(double, double)[pri:0, instance:com.sqa.ao.helped.CalcAreaStaticTests@1596138]" name="testCalcAreaStaticAO" duration-ms="1" started-at="2015-10-26T15:29:54Z" data-provider="Calc Circle Area Static" finished-at="2015-10-26T15:29:54Z">
          <params>
            <param index="0">
              <value>
                <![CDATA[0]]>
              </value>
            </param>
            <param index="1">
              <value>
                <![CDATA[0]]>
              </value>
            </param>
          </params>
          <reporter-output>
          </reporter-output>
        </test-method> <!-- testCalcAreaStaticAO -->
        <test-method status="PASS" signature="testCalcAreaStaticAO(double, double)[pri:0, instance:com.sqa.ao.helped.CalcAreaStaticTests@1596138]" name="testCalcAreaStaticAO" duration-ms="1" started-at="2015-10-26T15:29:54Z" data-provider="Calc Circle Area Static" finished-at="2015-10-26T15:29:54Z">
          <params>
            <param index="0">
              <value>
                <![CDATA[0]]>
              </value>
            </param>
            <param index="1">
              <value>
                <![CDATA[0]]>
              </value>
            </param>
          </params>
          <reporter-output>
          </reporter-output>
        </test-method> <!-- testCalcAreaStaticAO -->
        <test-method status="PASS" signature="testCalcAreaStaticAO(double, double)[pri:0, instance:com.sqa.ao.helped.CalcAreaStaticTests@1596138]" name="testCalcAreaStaticAO" duration-ms="1" started-at="2015-10-26T15:29:54Z" data-provider="Calc Circle Area Static" finished-at="2015-10-26T15:29:54Z">
          <params>
            <param index="0">
              <value>
                <![CDATA[0]]>
              </value>
            </param>
            <param index="1">
              <value>
                <![CDATA[0]]>
              </value>
            </param>
          </params>
          <reporter-output>
          </reporter-output>
        </test-method> <!-- testCalcAreaStaticAO -->
        <test-method status="PASS" signature="testCalcAreaStaticAO(double, double)[pri:0, instance:com.sqa.ao.helped.CalcAreaStaticTests@1596138]" name="testCalcAreaStaticAO" duration-ms="1" started-at="2015-10-26T15:29:54Z" data-provider="Calc Circle Area Static" finished-at="2015-10-26T15:29:54Z">
          <params>
            <param index="0">
              <value>
                <![CDATA[0]]>
              </value>
            </param>
            <param index="1">
              <value>
                <![CDATA[0]]>
              </value>
            </param>
          </params>
          <reporter-output>
          </reporter-output>
        </test-method> <!-- testCalcAreaStaticAO -->
        <test-method status="FAIL" signature="testCalcAreaStaticAP(double, double)[pri:0, instance:com.sqa.ao.helped.CalcAreaStaticTests@1596138]" name="testCalcAreaStaticAP" duration-ms="2" started-at="2015-10-26T15:29:54Z" data-provider="Calc Circle Area Static" finished-at="2015-10-26T15:29:54Z">
          <params>
            <param index="0">
              <value>
                <![CDATA[1]]>
              </value>
            </param>
            <param index="1">
              <value>
                <![CDATA[3.14]]>
              </value>
            </param>
          </params>
          <exception class="java.lang.AssertionError">
            <message>
              <![CDATA[expected [3.14] but found [3.141592653589793]]]>
            </message>
            <full-stacktrace>
              <![CDATA[java.lang.AssertionError: expected [3.14] but found [3.141592653589793]
	at org.testng.Assert.fail(Assert.java:94)
	at org.testng.Assert.failNotEquals(Assert.java:494)
	at org.testng.Assert.assertEquals(Assert.java:123)
	at org.testng.Assert.assertEquals(Assert.java:165)
	at com.sqa.ao.helped.CalcAreaStaticTests.testCalcAreaStaticAP(CalcAreaStaticTests.java:24)
	at sun.reflect.NativeMethodAccessorImpl.invoke0(Native Method)
	at sun.reflect.NativeMethodAccessorImpl.invoke(NativeMethodAccessorImpl.java:57)
	at sun.reflect.DelegatingMethodAccessorImpl.invoke(DelegatingMethodAccessorImpl.java:43)
	at java.lang.reflect.Method.invoke(Method.java:606)
	at org.testng.internal.MethodInvocationHelper.invokeMethod(MethodInvocationHelper.java:84)
	at org.testng.internal.Invoker.invokeMethod(Invoker.java:714)
	at org.testng.internal.Invoker.invokeTestMethod(Invoker.java:901)
	at org.testng.internal.Invoker.invokeTestMethods(Invoker.java:1231)
	at org.testng.internal.TestMethodWorker.invokeTestMethods(TestMethodWorker.java:127)
	at org.testng.internal.TestMethodWorker.run(TestMethodWorker.java:111)
	at org.testng.TestRunner.privateRun(TestRunner.java:767)
	at org.testng.TestRunner.run(TestRunner.java:617)
	at org.testng.SuiteRunner.runTest(SuiteRunner.java:348)
	at org.testng.SuiteRunner.runSequentially(SuiteRunner.java:343)
	at org.testng.SuiteRunner.privateRun(SuiteRunner.java:305)
	at org.testng.SuiteRunner.run(SuiteRunner.java:254)
	at org.testng.SuiteRunnerWorker.runSuite(SuiteRunnerWorker.java:52)
	at org.testng.SuiteRunnerWorker.run(SuiteRunnerWorker.java:86)
	at org.testng.TestNG.runSuitesSequentially(TestNG.java:1224)
	at org.testng.TestNG.runSuitesLocally(TestNG.java:1149)
	at org.testng.TestNG.run(TestNG.java:1057)
	at org.testng.remote.RemoteTestNG.run(RemoteTestNG.java:111)
	at org.testng.remote.RemoteTestNG.initAndRun(RemoteTestNG.java:204)
	at org.testng.remote.RemoteTestNG.main(RemoteTestNG.java:175)
]]>
            </full-stacktrace>
          </exception> <!-- java.lang.AssertionError -->
          <reporter-output>
          </reporter-output>
        </test-method> <!-- testCalcAreaStaticAP -->
        <test-method status="FAIL" signature="testCalcAreaStaticAP(double, double)[pri:0, instance:com.sqa.ao.helped.CalcAreaStaticTests@1596138]" name="testCalcAreaStaticAP" duration-ms="1" started-at="2015-10-26T15:29:54Z" data-provider="Calc Circle Area Static" finished-at="2015-10-26T15:29:54Z">
          <params>
            <param index="0">
              <value>
                <![CDATA[2]]>
              </value>
            </param>
            <param index="1">
              <value>
                <![CDATA[12.56]]>
              </value>
            </param>
          </params>
          <exception class="java.lang.AssertionError">
            <message>
              <![CDATA[expected [12.56] but found [6.283185307179586]]]>
            </message>
            <full-stacktrace>
              <![CDATA[java.lang.AssertionError: expected [12.56] but found [6.283185307179586]
	at org.testng.Assert.fail(Assert.java:94)
	at org.testng.Assert.failNotEquals(Assert.java:494)
	at org.testng.Assert.assertEquals(Assert.java:123)
	at org.testng.Assert.assertEquals(Assert.java:165)
	at com.sqa.ao.helped.CalcAreaStaticTests.testCalcAreaStaticAP(CalcAreaStaticTests.java:24)
	at sun.reflect.NativeMethodAccessorImpl.invoke0(Native Method)
	at sun.reflect.NativeMethodAccessorImpl.invoke(NativeMethodAccessorImpl.java:57)
	at sun.reflect.DelegatingMethodAccessorImpl.invoke(DelegatingMethodAccessorImpl.java:43)
	at java.lang.reflect.Method.invoke(Method.java:606)
	at org.testng.internal.MethodInvocationHelper.invokeMethod(MethodInvocationHelper.java:84)
	at org.testng.internal.Invoker.invokeMethod(Invoker.java:714)
	at org.testng.internal.Invoker.invokeTestMethod(Invoker.java:901)
	at org.testng.internal.Invoker.invokeTestMethods(Invoker.java:1231)
	at org.testng.internal.TestMethodWorker.invokeTestMethods(TestMethodWorker.java:127)
	at org.testng.internal.TestMethodWorker.run(TestMethodWorker.java:111)
	at org.testng.TestRunner.privateRun(TestRunner.java:767)
	at org.testng.TestRunner.run(TestRunner.java:617)
	at org.testng.SuiteRunner.runTest(SuiteRunner.java:348)
	at org.testng.SuiteRunner.runSequentially(SuiteRunner.java:343)
	at org.testng.SuiteRunner.privateRun(SuiteRunner.java:305)
	at org.testng.SuiteRunner.run(SuiteRunner.java:254)
	at org.testng.SuiteRunnerWorker.runSuite(SuiteRunnerWorker.java:52)
	at org.testng.SuiteRunnerWorker.run(SuiteRunnerWorker.java:86)
	at org.testng.TestNG.runSuitesSequentially(TestNG.java:1224)
	at org.testng.TestNG.runSuitesLocally(TestNG.java:1149)
	at org.testng.TestNG.run(TestNG.java:1057)
	at org.testng.remote.RemoteTestNG.run(RemoteTestNG.java:111)
	at org.testng.remote.RemoteTestNG.initAndRun(RemoteTestNG.java:204)
	at org.testng.remote.RemoteTestNG.main(RemoteTestNG.java:175)
]]>
            </full-stacktrace>
          </exception> <!-- java.lang.AssertionError -->
          <reporter-output>
          </reporter-output>
        </test-method> <!-- testCalcAreaStaticAP -->
        <test-method status="PASS" signature="testCalcAreaStaticAP(double, double)[pri:0, instance:com.sqa.ao.helped.CalcAreaStaticTests@1596138]" name="testCalcAreaStaticAP" duration-ms="1" started-at="2015-10-26T15:29:54Z" data-provider="Calc Circle Area Static" finished-at="2015-10-26T15:29:54Z">
          <params>
            <param index="0">
              <value>
                <![CDATA[0]]>
              </value>
            </param>
            <param index="1">
              <value>
                <![CDATA[0]]>
              </value>
            </param>
          </params>
          <reporter-output>
          </reporter-output>
        </test-method> <!-- testCalcAreaStaticAP -->
        <test-method status="PASS" signature="testCalcAreaStaticAP(double, double)[pri:0, instance:com.sqa.ao.helped.CalcAreaStaticTests@1596138]" name="testCalcAreaStaticAP" duration-ms="1" started-at="2015-10-26T15:29:54Z" data-provider="Calc Circle Area Static" finished-at="2015-10-26T15:29:54Z">
          <params>
            <param index="0">
              <value>
                <![CDATA[0]]>
              </value>
            </param>
            <param index="1">
              <value>
                <![CDATA[0]]>
              </value>
            </param>
          </params>
          <reporter-output>
          </reporter-output>
        </test-method> <!-- testCalcAreaStaticAP -->
        <test-method status="PASS" signature="testCalcAreaStaticAP(double, double)[pri:0, instance:com.sqa.ao.helped.CalcAreaStaticTests@1596138]" name="testCalcAreaStaticAP" duration-ms="1" started-at="2015-10-26T15:29:54Z" data-provider="Calc Circle Area Static" finished-at="2015-10-26T15:29:54Z">
          <params>
            <param index="0">
              <value>
                <![CDATA[0]]>
              </value>
            </param>
            <param index="1">
              <value>
                <![CDATA[0]]>
              </value>
            </param>
          </params>
          <reporter-output>
          </reporter-output>
        </test-method> <!-- testCalcAreaStaticAP -->
        <test-method status="PASS" signature="testCalcAreaStaticAP(double, double)[pri:0, instance:com.sqa.ao.helped.CalcAreaStaticTests@1596138]" name="testCalcAreaStaticAP" duration-ms="0" started-at="2015-10-26T15:29:54Z" data-provider="Calc Circle Area Static" finished-at="2015-10-26T15:29:54Z">
          <params>
            <param index="0">
              <value>
                <![CDATA[0]]>
              </value>
            </param>
            <param index="1">
              <value>
                <![CDATA[0]]>
              </value>
            </param>
          </params>
          <reporter-output>
          </reporter-output>
        </test-method> <!-- testCalcAreaStaticAP -->
        <test-method status="PASS" signature="testCalcAreaStaticAP(double, double)[pri:0, instance:com.sqa.ao.helped.CalcAreaStaticTests@1596138]" name="testCalcAreaStaticAP" duration-ms="0" started-at="2015-10-26T15:29:54Z" data-provider="Calc Circle Area Static" finished-at="2015-10-26T15:29:54Z">
          <params>
            <param index="0">
              <value>
                <![CDATA[0]]>
              </value>
            </param>
            <param index="1">
              <value>
                <![CDATA[0]]>
              </value>
            </param>
          </params>
          <reporter-output>
          </reporter-output>
        </test-method> <!-- testCalcAreaStaticAP -->
        <test-method status="PASS" signature="testCalcAreaStaticAP(double, double)[pri:0, instance:com.sqa.ao.helped.CalcAreaStaticTests@1596138]" name="testCalcAreaStaticAP" duration-ms="0" started-at="2015-10-26T15:29:54Z" data-provider="Calc Circle Area Static" finished-at="2015-10-26T15:29:54Z">
          <params>
            <param index="0">
              <value>
                <![CDATA[0]]>
              </value>
            </param>
            <param index="1">
              <value>
                <![CDATA[0]]>
              </value>
            </param>
          </params>
          <reporter-output>
          </reporter-output>
        </test-method> <!-- testCalcAreaStaticAP -->
        <test-method status="PASS" signature="testCalcAreaStaticAP(double, double)[pri:0, instance:com.sqa.ao.helped.CalcAreaStaticTests@1596138]" name="testCalcAreaStaticAP" duration-ms="0" started-at="2015-10-26T15:29:54Z" data-provider="Calc Circle Area Static" finished-at="2015-10-26T15:29:54Z">
          <params>
            <param index="0">
              <value>
                <![CDATA[0]]>
              </value>
            </param>
            <param index="1">
              <value>
                <![CDATA[0]]>
              </value>
            </param>
          </params>
          <reporter-output>
          </reporter-output>
        </test-method> <!-- testCalcAreaStaticAP -->
        <test-method status="PASS" signature="testCalcAreaStaticLL(double, double)[pri:0, instance:com.sqa.ao.helped.CalcAreaStaticTests@1596138]" name="testCalcAreaStaticLL" duration-ms="2" started-at="2015-10-26T15:29:54Z" data-provider="Calc Circle Area Static" finished-at="2015-10-26T15:29:54Z">
          <params>
            <param index="0">
              <value>
                <![CDATA[1]]>
              </value>
            </param>
            <param index="1">
              <value>
                <![CDATA[3.14]]>
              </value>
            </param>
          </params>
          <reporter-output>
          </reporter-output>
        </test-method> <!-- testCalcAreaStaticLL -->
        <test-method status="PASS" signature="testCalcAreaStaticLL(double, double)[pri:0, instance:com.sqa.ao.helped.CalcAreaStaticTests@1596138]" name="testCalcAreaStaticLL" duration-ms="1" started-at="2015-10-26T15:29:54Z" data-provider="Calc Circle Area Static" finished-at="2015-10-26T15:29:54Z">
          <params>
            <param index="0">
              <value>
                <![CDATA[2]]>
              </value>
            </param>
            <param index="1">
              <value>
                <![CDATA[12.56]]>
              </value>
            </param>
          </params>
          <reporter-output>
          </reporter-output>
        </test-method> <!-- testCalcAreaStaticLL -->
        <test-method status="PASS" signature="testCalcAreaStaticLL(double, double)[pri:0, instance:com.sqa.ao.helped.CalcAreaStaticTests@1596138]" name="testCalcAreaStaticLL" duration-ms="1" started-at="2015-10-26T15:29:54Z" data-provider="Calc Circle Area Static" finished-at="2015-10-26T15:29:54Z">
          <params>
            <param index="0">
              <value>
                <![CDATA[0]]>
              </value>
            </param>
            <param index="1">
              <value>
                <![CDATA[0]]>
              </value>
            </param>
          </params>
          <reporter-output>
          </reporter-output>
        </test-method> <!-- testCalcAreaStaticLL -->
        <test-method status="PASS" signature="testCalcAreaStaticLL(double, double)[pri:0, instance:com.sqa.ao.helped.CalcAreaStaticTests@1596138]" name="testCalcAreaStaticLL" duration-ms="0" started-at="2015-10-26T15:29:54Z" data-provider="Calc Circle Area Static" finished-at="2015-10-26T15:29:54Z">
          <params>
            <param index="0">
              <value>
                <![CDATA[0]]>
              </value>
            </param>
            <param index="1">
              <value>
                <![CDATA[0]]>
              </value>
            </param>
          </params>
          <reporter-output>
          </reporter-output>
        </test-method> <!-- testCalcAreaStaticLL -->
        <test-method status="PASS" signature="testCalcAreaStaticLL(double, double)[pri:0, instance:com.sqa.ao.helped.CalcAreaStaticTests@1596138]" name="testCalcAreaStaticLL" duration-ms="0" started-at="2015-10-26T15:29:54Z" data-provider="Calc Circle Area Static" finished-at="2015-10-26T15:29:54Z">
          <params>
            <param index="0">
              <value>
                <![CDATA[0]]>
              </value>
            </param>
            <param index="1">
              <value>
                <![CDATA[0]]>
              </value>
            </param>
          </params>
          <reporter-output>
          </reporter-output>
        </test-method> <!-- testCalcAreaStaticLL -->
        <test-method status="PASS" signature="testCalcAreaStaticLL(double, double)[pri:0, instance:com.sqa.ao.helped.CalcAreaStaticTests@1596138]" name="testCalcAreaStaticLL" duration-ms="0" started-at="2015-10-26T15:29:54Z" data-provider="Calc Circle Area Static" finished-at="2015-10-26T15:29:54Z">
          <params>
            <param index="0">
              <value>
                <![CDATA[0]]>
              </value>
            </param>
            <param index="1">
              <value>
                <![CDATA[0]]>
              </value>
            </param>
          </params>
          <reporter-output>
          </reporter-output>
        </test-method> <!-- testCalcAreaStaticLL -->
        <test-method status="PASS" signature="testCalcAreaStaticLL(double, double)[pri:0, instance:com.sqa.ao.helped.CalcAreaStaticTests@1596138]" name="testCalcAreaStaticLL" duration-ms="0" started-at="2015-10-26T15:29:54Z" data-provider="Calc Circle Area Static" finished-at="2015-10-26T15:29:54Z">
          <params>
            <param index="0">
              <value>
                <![CDATA[0]]>
              </value>
            </param>
            <param index="1">
              <value>
                <![CDATA[0]]>
              </value>
            </param>
          </params>
          <reporter-output>
          </reporter-output>
        </test-method> <!-- testCalcAreaStaticLL -->
        <test-method status="PASS" signature="testCalcAreaStaticLL(double, double)[pri:0, instance:com.sqa.ao.helped.CalcAreaStaticTests@1596138]" name="testCalcAreaStaticLL" duration-ms="0" started-at="2015-10-26T15:29:54Z" data-provider="Calc Circle Area Static" finished-at="2015-10-26T15:29:54Z">
          <params>
            <param index="0">
              <value>
                <![CDATA[0]]>
              </value>
            </param>
            <param index="1">
              <value>
                <![CDATA[0]]>
              </value>
            </param>
          </params>
          <reporter-output>
          </reporter-output>
        </test-method> <!-- testCalcAreaStaticLL -->
        <test-method status="PASS" signature="testCalcAreaStaticLL(double, double)[pri:0, instance:com.sqa.ao.helped.CalcAreaStaticTests@1596138]" name="testCalcAreaStaticLL" duration-ms="0" started-at="2015-10-26T15:29:54Z" data-provider="Calc Circle Area Static" finished-at="2015-10-26T15:29:54Z">
          <params>
            <param index="0">
              <value>
                <![CDATA[0]]>
              </value>
            </param>
            <param index="1">
              <value>
                <![CDATA[0]]>
              </value>
            </param>
          </params>
          <reporter-output>
          </reporter-output>
        </test-method> <!-- testCalcAreaStaticLL -->
        <test-method status="FAIL" signature="testCalcAreaStaticPN(double, double)[pri:0, instance:com.sqa.ao.helped.CalcAreaStaticTests@1596138]" name="testCalcAreaStaticPN" duration-ms="2" started-at="2015-10-26T15:29:54Z" data-provider="Calc Circle Area Static" finished-at="2015-10-26T15:29:54Z">
          <params>
            <param index="0">
              <value>
                <![CDATA[1]]>
              </value>
            </param>
            <param index="1">
              <value>
                <![CDATA[3.14]]>
              </value>
            </param>
          </params>
          <exception class="java.lang.AssertionError">
            <message>
              <![CDATA[expected [3.14] but found [3.141592653589793]]]>
            </message>
            <full-stacktrace>
              <![CDATA[java.lang.AssertionError: expected [3.14] but found [3.141592653589793]
	at org.testng.Assert.fail(Assert.java:94)
	at org.testng.Assert.failNotEquals(Assert.java:494)
	at org.testng.Assert.assertEquals(Assert.java:123)
	at org.testng.Assert.assertEquals(Assert.java:165)
	at com.sqa.ao.helped.CalcAreaStaticTests.testCalcAreaStaticPN(CalcAreaStaticTests.java:42)
	at sun.reflect.NativeMethodAccessorImpl.invoke0(Native Method)
	at sun.reflect.NativeMethodAccessorImpl.invoke(NativeMethodAccessorImpl.java:57)
	at sun.reflect.DelegatingMethodAccessorImpl.invoke(DelegatingMethodAccessorImpl.java:43)
	at java.lang.reflect.Method.invoke(Method.java:606)
	at org.testng.internal.MethodInvocationHelper.invokeMethod(MethodInvocationHelper.java:84)
	at org.testng.internal.Invoker.invokeMethod(Invoker.java:714)
	at org.testng.internal.Invoker.invokeTestMethod(Invoker.java:901)
	at org.testng.internal.Invoker.invokeTestMethods(Invoker.java:1231)
	at org.testng.internal.TestMethodWorker.invokeTestMethods(TestMethodWorker.java:127)
	at org.testng.internal.TestMethodWorker.run(TestMethodWorker.java:111)
	at org.testng.TestRunner.privateRun(TestRunner.java:767)
	at org.testng.TestRunner.run(TestRunner.java:617)
	at org.testng.SuiteRunner.runTest(SuiteRunner.java:348)
	at org.testng.SuiteRunner.runSequentially(SuiteRunner.java:343)
	at org.testng.SuiteRunner.privateRun(SuiteRunner.java:305)
	at org.testng.SuiteRunner.run(SuiteRunner.java:254)
	at org.testng.SuiteRunnerWorker.runSuite(SuiteRunnerWorker.java:52)
	at org.testng.SuiteRunnerWorker.run(SuiteRunnerWorker.java:86)
	at org.testng.TestNG.runSuitesSequentially(TestNG.java:1224)
	at org.testng.TestNG.runSuitesLocally(TestNG.java:1149)
	at org.testng.TestNG.run(TestNG.java:1057)
	at org.testng.remote.RemoteTestNG.run(RemoteTestNG.java:111)
	at org.testng.remote.RemoteTestNG.initAndRun(RemoteTestNG.java:204)
	at org.testng.remote.RemoteTestNG.main(RemoteTestNG.java:175)
]]>
            </full-stacktrace>
          </exception> <!-- java.lang.AssertionError -->
          <reporter-output>
          </reporter-output>
        </test-method> <!-- testCalcAreaStaticPN -->
        <test-method status="FAIL" signature="testCalcAreaStaticPN(double, double)[pri:0, instance:com.sqa.ao.helped.CalcAreaStaticTests@1596138]" name="testCalcAreaStaticPN" duration-ms="1" started-at="2015-10-26T15:29:54Z" data-provider="Calc Circle Area Static" finished-at="2015-10-26T15:29:54Z">
          <params>
            <param index="0">
              <value>
                <![CDATA[2]]>
              </value>
            </param>
            <param index="1">
              <value>
                <![CDATA[12.56]]>
              </value>
            </param>
          </params>
          <exception class="java.lang.AssertionError">
            <message>
              <![CDATA[expected [12.56] but found [12.566370614359172]]]>
            </message>
            <full-stacktrace>
              <![CDATA[java.lang.AssertionError: expected [12.56] but found [12.566370614359172]
	at org.testng.Assert.fail(Assert.java:94)
	at org.testng.Assert.failNotEquals(Assert.java:494)
	at org.testng.Assert.assertEquals(Assert.java:123)
	at org.testng.Assert.assertEquals(Assert.java:165)
	at com.sqa.ao.helped.CalcAreaStaticTests.testCalcAreaStaticPN(CalcAreaStaticTests.java:42)
	at sun.reflect.NativeMethodAccessorImpl.invoke0(Native Method)
	at sun.reflect.NativeMethodAccessorImpl.invoke(NativeMethodAccessorImpl.java:57)
	at sun.reflect.DelegatingMethodAccessorImpl.invoke(DelegatingMethodAccessorImpl.java:43)
	at java.lang.reflect.Method.invoke(Method.java:606)
	at org.testng.internal.MethodInvocationHelper.invokeMethod(MethodInvocationHelper.java:84)
	at org.testng.internal.Invoker.invokeMethod(Invoker.java:714)
	at org.testng.internal.Invoker.invokeTestMethod(Invoker.java:901)
	at org.testng.internal.Invoker.invokeTestMethods(Invoker.java:1231)
	at org.testng.internal.TestMethodWorker.invokeTestMethods(TestMethodWorker.java:127)
	at org.testng.internal.TestMethodWorker.run(TestMethodWorker.java:111)
	at org.testng.TestRunner.privateRun(TestRunner.java:767)
	at org.testng.TestRunner.run(TestRunner.java:617)
	at org.testng.SuiteRunner.runTest(SuiteRunner.java:348)
	at org.testng.SuiteRunner.runSequentially(SuiteRunner.java:343)
	at org.testng.SuiteRunner.privateRun(SuiteRunner.java:305)
	at org.testng.SuiteRunner.run(SuiteRunner.java:254)
	at org.testng.SuiteRunnerWorker.runSuite(SuiteRunnerWorker.java:52)
	at org.testng.SuiteRunnerWorker.run(SuiteRunnerWorker.java:86)
	at org.testng.TestNG.runSuitesSequentially(TestNG.java:1224)
	at org.testng.TestNG.runSuitesLocally(TestNG.java:1149)
	at org.testng.TestNG.run(TestNG.java:1057)
	at org.testng.remote.RemoteTestNG.run(RemoteTestNG.java:111)
	at org.testng.remote.RemoteTestNG.initAndRun(RemoteTestNG.java:204)
	at org.testng.remote.RemoteTestNG.main(RemoteTestNG.java:175)
]]>
            </full-stacktrace>
          </exception> <!-- java.lang.AssertionError -->
          <reporter-output>
          </reporter-output>
        </test-method> <!-- testCalcAreaStaticPN -->
        <test-method status="PASS" signature="testCalcAreaStaticPN(double, double)[pri:0, instance:com.sqa.ao.helped.CalcAreaStaticTests@1596138]" name="testCalcAreaStaticPN" duration-ms="0" started-at="2015-10-26T15:29:54Z" data-provider="Calc Circle Area Static" finished-at="2015-10-26T15:29:54Z">
          <params>
            <param index="0">
              <value>
                <![CDATA[0]]>
              </value>
            </param>
            <param index="1">
              <value>
                <![CDATA[0]]>
              </value>
            </param>
          </params>
          <reporter-output>
          </reporter-output>
        </test-method> <!-- testCalcAreaStaticPN -->
        <test-method status="PASS" signature="testCalcAreaStaticPN(double, double)[pri:0, instance:com.sqa.ao.helped.CalcAreaStaticTests@1596138]" name="testCalcAreaStaticPN" duration-ms="0" started-at="2015-10-26T15:29:54Z" data-provider="Calc Circle Area Static" finished-at="2015-10-26T15:29:54Z">
          <params>
            <param index="0">
              <value>
                <![CDATA[0]]>
              </value>
            </param>
            <param index="1">
              <value>
                <![CDATA[0]]>
              </value>
            </param>
          </params>
          <reporter-output>
          </reporter-output>
        </test-method> <!-- testCalcAreaStaticPN -->
        <test-method status="PASS" signature="testCalcAreaStaticPN(double, double)[pri:0, instance:com.sqa.ao.helped.CalcAreaStaticTests@1596138]" name="testCalcAreaStaticPN" duration-ms="0" started-at="2015-10-26T15:29:54Z" data-provider="Calc Circle Area Static" finished-at="2015-10-26T15:29:54Z">
          <params>
            <param index="0">
              <value>
                <![CDATA[0]]>
              </value>
            </param>
            <param index="1">
              <value>
                <![CDATA[0]]>
              </value>
            </param>
          </params>
          <reporter-output>
          </reporter-output>
        </test-method> <!-- testCalcAreaStaticPN -->
        <test-method status="PASS" signature="testCalcAreaStaticPN(double, double)[pri:0, instance:com.sqa.ao.helped.CalcAreaStaticTests@1596138]" name="testCalcAreaStaticPN" duration-ms="0" started-at="2015-10-26T15:29:54Z" data-provider="Calc Circle Area Static" finished-at="2015-10-26T15:29:54Z">
          <params>
            <param index="0">
              <value>
                <![CDATA[0]]>
              </value>
            </param>
            <param index="1">
              <value>
                <![CDATA[0]]>
              </value>
            </param>
          </params>
          <reporter-output>
          </reporter-output>
        </test-method> <!-- testCalcAreaStaticPN -->
        <test-method status="PASS" signature="testCalcAreaStaticPN(double, double)[pri:0, instance:com.sqa.ao.helped.CalcAreaStaticTests@1596138]" name="testCalcAreaStaticPN" duration-ms="0" started-at="2015-10-26T15:29:54Z" data-provider="Calc Circle Area Static" finished-at="2015-10-26T15:29:54Z">
          <params>
            <param index="0">
              <value>
                <![CDATA[0]]>
              </value>
            </param>
            <param index="1">
              <value>
                <![CDATA[0]]>
              </value>
            </param>
          </params>
          <reporter-output>
          </reporter-output>
        </test-method> <!-- testCalcAreaStaticPN -->
        <test-method status="PASS" signature="testCalcAreaStaticPN(double, double)[pri:0, instance:com.sqa.ao.helped.CalcAreaStaticTests@1596138]" name="testCalcAreaStaticPN" duration-ms="0" started-at="2015-10-26T15:29:54Z" data-provider="Calc Circle Area Static" finished-at="2015-10-26T15:29:54Z">
          <params>
            <param index="0">
              <value>
                <![CDATA[0]]>
              </value>
            </param>
            <param index="1">
              <value>
                <![CDATA[0]]>
              </value>
            </param>
          </params>
          <reporter-output>
          </reporter-output>
        </test-method> <!-- testCalcAreaStaticPN -->
        <test-method status="PASS" signature="testCalcAreaStaticPN(double, double)[pri:0, instance:com.sqa.ao.helped.CalcAreaStaticTests@1596138]" name="testCalcAreaStaticPN" duration-ms="0" started-at="2015-10-26T15:29:54Z" data-provider="Calc Circle Area Static" finished-at="2015-10-26T15:29:54Z">
          <params>
            <param index="0">
              <value>
                <![CDATA[0]]>
              </value>
            </param>
            <param index="1">
              <value>
                <![CDATA[0]]>
              </value>
            </param>
          </params>
          <reporter-output>
          </reporter-output>
        </test-method> <!-- testCalcAreaStaticPN -->
        <test-method status="FAIL" signature="testCalcAreaStaticTS(double, double)[pri:0, instance:com.sqa.ao.helped.CalcAreaStaticTests@1596138]" name="testCalcAreaStaticTS" duration-ms="2" started-at="2015-10-26T15:29:54Z" data-provider="Calc Circle Area Static" finished-at="2015-10-26T15:29:54Z">
          <params>
            <param index="0">
              <value>
                <![CDATA[1]]>
              </value>
            </param>
            <param index="1">
              <value>
                <![CDATA[3.14]]>
              </value>
            </param>
          </params>
          <exception class="java.lang.AssertionError">
            <message>
              <![CDATA[expected [3.14] but found [3.141592653589793]]]>
            </message>
            <full-stacktrace>
              <![CDATA[java.lang.AssertionError: expected [3.14] but found [3.141592653589793]
	at org.testng.Assert.fail(Assert.java:94)
	at org.testng.Assert.failNotEquals(Assert.java:494)
	at org.testng.Assert.assertEquals(Assert.java:123)
	at org.testng.Assert.assertEquals(Assert.java:165)
	at com.sqa.ao.helped.CalcAreaStaticTests.testCalcAreaStaticTS(CalcAreaStaticTests.java:54)
	at sun.reflect.NativeMethodAccessorImpl.invoke0(Native Method)
	at sun.reflect.NativeMethodAccessorImpl.invoke(NativeMethodAccessorImpl.java:57)
	at sun.reflect.DelegatingMethodAccessorImpl.invoke(DelegatingMethodAccessorImpl.java:43)
	at java.lang.reflect.Method.invoke(Method.java:606)
	at org.testng.internal.MethodInvocationHelper.invokeMethod(MethodInvocationHelper.java:84)
	at org.testng.internal.Invoker.invokeMethod(Invoker.java:714)
	at org.testng.internal.Invoker.invokeTestMethod(Invoker.java:901)
	at org.testng.internal.Invoker.invokeTestMethods(Invoker.java:1231)
	at org.testng.internal.TestMethodWorker.invokeTestMethods(TestMethodWorker.java:127)
	at org.testng.internal.TestMethodWorker.run(TestMethodWorker.java:111)
	at org.testng.TestRunner.privateRun(TestRunner.java:767)
	at org.testng.TestRunner.run(TestRunner.java:617)
	at org.testng.SuiteRunner.runTest(SuiteRunner.java:348)
	at org.testng.SuiteRunner.runSequentially(SuiteRunner.java:343)
	at org.testng.SuiteRunner.privateRun(SuiteRunner.java:305)
	at org.testng.SuiteRunner.run(SuiteRunner.java:254)
	at org.testng.SuiteRunnerWorker.runSuite(SuiteRunnerWorker.java:52)
	at org.testng.SuiteRunnerWorker.run(SuiteRunnerWorker.java:86)
	at org.testng.TestNG.runSuitesSequentially(TestNG.java:1224)
	at org.testng.TestNG.runSuitesLocally(TestNG.java:1149)
	at org.testng.TestNG.run(TestNG.java:1057)
	at org.testng.remote.RemoteTestNG.run(RemoteTestNG.java:111)
	at org.testng.remote.RemoteTestNG.initAndRun(RemoteTestNG.java:204)
	at org.testng.remote.RemoteTestNG.main(RemoteTestNG.java:175)
]]>
            </full-stacktrace>
          </exception> <!-- java.lang.AssertionError -->
          <reporter-output>
          </reporter-output>
        </test-method> <!-- testCalcAreaStaticTS -->
        <test-method status="FAIL" signature="testCalcAreaStaticTS(double, double)[pri:0, instance:com.sqa.ao.helped.CalcAreaStaticTests@1596138]" name="testCalcAreaStaticTS" duration-ms="1" started-at="2015-10-26T15:29:54Z" data-provider="Calc Circle Area Static" finished-at="2015-10-26T15:29:54Z">
          <params>
            <param index="0">
              <value>
                <![CDATA[2]]>
              </value>
            </param>
            <param index="1">
              <value>
                <![CDATA[12.56]]>
              </value>
            </param>
          </params>
          <exception class="java.lang.AssertionError">
            <message>
              <![CDATA[expected [12.56] but found [12.566370614359172]]]>
            </message>
            <full-stacktrace>
              <![CDATA[java.lang.AssertionError: expected [12.56] but found [12.566370614359172]
	at org.testng.Assert.fail(Assert.java:94)
	at org.testng.Assert.failNotEquals(Assert.java:494)
	at org.testng.Assert.assertEquals(Assert.java:123)
	at org.testng.Assert.assertEquals(Assert.java:165)
	at com.sqa.ao.helped.CalcAreaStaticTests.testCalcAreaStaticTS(CalcAreaStaticTests.java:54)
	at sun.reflect.NativeMethodAccessorImpl.invoke0(Native Method)
	at sun.reflect.NativeMethodAccessorImpl.invoke(NativeMethodAccessorImpl.java:57)
	at sun.reflect.DelegatingMethodAccessorImpl.invoke(DelegatingMethodAccessorImpl.java:43)
	at java.lang.reflect.Method.invoke(Method.java:606)
	at org.testng.internal.MethodInvocationHelper.invokeMethod(MethodInvocationHelper.java:84)
	at org.testng.internal.Invoker.invokeMethod(Invoker.java:714)
	at org.testng.internal.Invoker.invokeTestMethod(Invoker.java:901)
	at org.testng.internal.Invoker.invokeTestMethods(Invoker.java:1231)
	at org.testng.internal.TestMethodWorker.invokeTestMethods(TestMethodWorker.java:127)
	at org.testng.internal.TestMethodWorker.run(TestMethodWorker.java:111)
	at org.testng.TestRunner.privateRun(TestRunner.java:767)
	at org.testng.TestRunner.run(TestRunner.java:617)
	at org.testng.SuiteRunner.runTest(SuiteRunner.java:348)
	at org.testng.SuiteRunner.runSequentially(SuiteRunner.java:343)
	at org.testng.SuiteRunner.privateRun(SuiteRunner.java:305)
	at org.testng.SuiteRunner.run(SuiteRunner.java:254)
	at org.testng.SuiteRunnerWorker.runSuite(SuiteRunnerWorker.java:52)
	at org.testng.SuiteRunnerWorker.run(SuiteRunnerWorker.java:86)
	at org.testng.TestNG.runSuitesSequentially(TestNG.java:1224)
	at org.testng.TestNG.runSuitesLocally(TestNG.java:1149)
	at org.testng.TestNG.run(TestNG.java:1057)
	at org.testng.remote.RemoteTestNG.run(RemoteTestNG.java:111)
	at org.testng.remote.RemoteTestNG.initAndRun(RemoteTestNG.java:204)
	at org.testng.remote.RemoteTestNG.main(RemoteTestNG.java:175)
]]>
            </full-stacktrace>
          </exception> <!-- java.lang.AssertionError -->
          <reporter-output>
          </reporter-output>
        </test-method> <!-- testCalcAreaStaticTS -->
        <test-method status="PASS" signature="testCalcAreaStaticTS(double, double)[pri:0, instance:com.sqa.ao.helped.CalcAreaStaticTests@1596138]" name="testCalcAreaStaticTS" duration-ms="0" started-at="2015-10-26T15:29:54Z" data-provider="Calc Circle Area Static" finished-at="2015-10-26T15:29:54Z">
          <params>
            <param index="0">
              <value>
                <![CDATA[0]]>
              </value>
            </param>
            <param index="1">
              <value>
                <![CDATA[0]]>
              </value>
            </param>
          </params>
          <reporter-output>
          </reporter-output>
        </test-method> <!-- testCalcAreaStaticTS -->
        <test-method status="PASS" signature="testCalcAreaStaticTS(double, double)[pri:0, instance:com.sqa.ao.helped.CalcAreaStaticTests@1596138]" name="testCalcAreaStaticTS" duration-ms="0" started-at="2015-10-26T15:29:54Z" data-provider="Calc Circle Area Static" finished-at="2015-10-26T15:29:54Z">
          <params>
            <param index="0">
              <value>
                <![CDATA[0]]>
              </value>
            </param>
            <param index="1">
              <value>
                <![CDATA[0]]>
              </value>
            </param>
          </params>
          <reporter-output>
          </reporter-output>
        </test-method> <!-- testCalcAreaStaticTS -->
        <test-method status="PASS" signature="testCalcAreaStaticTS(double, double)[pri:0, instance:com.sqa.ao.helped.CalcAreaStaticTests@1596138]" name="testCalcAreaStaticTS" duration-ms="0" started-at="2015-10-26T15:29:54Z" data-provider="Calc Circle Area Static" finished-at="2015-10-26T15:29:54Z">
          <params>
            <param index="0">
              <value>
                <![CDATA[0]]>
              </value>
            </param>
            <param index="1">
              <value>
                <![CDATA[0]]>
              </value>
            </param>
          </params>
          <reporter-output>
          </reporter-output>
        </test-method> <!-- testCalcAreaStaticTS -->
        <test-method status="PASS" signature="testCalcAreaStaticTS(double, double)[pri:0, instance:com.sqa.ao.helped.CalcAreaStaticTests@1596138]" name="testCalcAreaStaticTS" duration-ms="0" started-at="2015-10-26T15:29:54Z" data-provider="Calc Circle Area Static" finished-at="2015-10-26T15:29:54Z">
          <params>
            <param index="0">
              <value>
                <![CDATA[0]]>
              </value>
            </param>
            <param index="1">
              <value>
                <![CDATA[0]]>
              </value>
            </param>
          </params>
          <reporter-output>
          </reporter-output>
        </test-method> <!-- testCalcAreaStaticTS -->
        <test-method status="PASS" signature="testCalcAreaStaticTS(double, double)[pri:0, instance:com.sqa.ao.helped.CalcAreaStaticTests@1596138]" name="testCalcAreaStaticTS" duration-ms="0" started-at="2015-10-26T15:29:54Z" data-provider="Calc Circle Area Static" finished-at="2015-10-26T15:29:54Z">
          <params>
            <param index="0">
              <value>
                <![CDATA[0]]>
              </value>
            </param>
            <param index="1">
              <value>
                <![CDATA[0]]>
              </value>
            </param>
          </params>
          <reporter-output>
          </reporter-output>
        </test-method> <!-- testCalcAreaStaticTS -->
        <test-method status="PASS" signature="testCalcAreaStaticTS(double, double)[pri:0, instance:com.sqa.ao.helped.CalcAreaStaticTests@1596138]" name="testCalcAreaStaticTS" duration-ms="1" started-at="2015-10-26T15:29:54Z" data-provider="Calc Circle Area Static" finished-at="2015-10-26T15:29:54Z">
          <params>
            <param index="0">
              <value>
                <![CDATA[0]]>
              </value>
            </param>
            <param index="1">
              <value>
                <![CDATA[0]]>
              </value>
            </param>
          </params>
          <reporter-output>
          </reporter-output>
        </test-method> <!-- testCalcAreaStaticTS -->
        <test-method status="PASS" signature="testCalcAreaStaticTS(double, double)[pri:0, instance:com.sqa.ao.helped.CalcAreaStaticTests@1596138]" name="testCalcAreaStaticTS" duration-ms="1" started-at="2015-10-26T15:29:54Z" data-provider="Calc Circle Area Static" finished-at="2015-10-26T15:29:54Z">
          <params>
            <param index="0">
              <value>
                <![CDATA[0]]>
              </value>
            </param>
            <param index="1">
              <value>
                <![CDATA[0]]>
              </value>
            </param>
          </params>
          <reporter-output>
          </reporter-output>
        </test-method> <!-- testCalcAreaStaticTS -->
      </class> <!-- com.sqa.ao.helped.CalcAreaStaticTests -->
    </test> <!-- Default test -->
  </suite> <!-- Default suite -->
</testng-results>
