<?xml version="1.0" encoding="UTF-8"?>
<testng-results skipped="0" failed="9" total="63" passed="54">
  <reporter-output>
  </reporter-output>
  <suite name="Default suite" duration-ms="136" started-at="2015-10-26T20:31:25Z" finished-at="2015-10-26T20:31:25Z">
    <groups>
      <group name="Phase3">
        <method signature="RevTests.testReverseStringAO(java.lang.String, java.lang.String)[pri:0, instance:com.sqa.ao.helped.RevTests@115c6cb]" name="testReverseStringAO" class="com.sqa.ao.helped.RevTests"/>
        <method signature="RevTests.testReverseStringCharactersAP(java.lang.String, java.lang.String)[pri:0, instance:com.sqa.ao.helped.RevTests@115c6cb]" name="testReverseStringCharactersAP" class="com.sqa.ao.helped.RevTests"/>
        <method signature="RevTests.testReverseStringCharactersLL(java.lang.String, java.lang.String)[pri:0, instance:com.sqa.ao.helped.RevTests@115c6cb]" name="testReverseStringCharactersLL" class="com.sqa.ao.helped.RevTests"/>
        <method signature="RevTests.testReverseStringMS(java.lang.String, java.lang.String)[pri:0, instance:com.sqa.ao.helped.RevTests@115c6cb]" name="testReverseStringMS" class="com.sqa.ao.helped.RevTests"/>
        <method signature="RevTests.testReverseStringPN(java.lang.String, java.lang.String)[pri:0, instance:com.sqa.ao.helped.RevTests@115c6cb]" name="testReverseStringPN" class="com.sqa.ao.helped.RevTests"/>
        <method signature="RevTests.testReverseStringRA(java.lang.String, java.lang.String)[pri:0, instance:com.sqa.ao.helped.RevTests@115c6cb]" name="testReverseStringRA" class="com.sqa.ao.helped.RevTests"/>
        <method signature="RevTests.testReverseStringTS(java.lang.String, java.lang.String)[pri:0, instance:com.sqa.ao.helped.RevTests@115c6cb]" name="testReverseStringTS" class="com.sqa.ao.helped.RevTests"/>
      </group> <!-- Phase3 -->
      <group name="Phase2">
        <method signature="RevTests.testReverseStringAO(java.lang.String, java.lang.String)[pri:0, instance:com.sqa.ao.helped.RevTests@115c6cb]" name="testReverseStringAO" class="com.sqa.ao.helped.RevTests"/>
        <method signature="RevTests.testReverseStringCharactersAP(java.lang.String, java.lang.String)[pri:0, instance:com.sqa.ao.helped.RevTests@115c6cb]" name="testReverseStringCharactersAP" class="com.sqa.ao.helped.RevTests"/>
        <method signature="RevTests.testReverseStringCharactersLL(java.lang.String, java.lang.String)[pri:0, instance:com.sqa.ao.helped.RevTests@115c6cb]" name="testReverseStringCharactersLL" class="com.sqa.ao.helped.RevTests"/>
        <method signature="RevTests.testReverseStringMS(java.lang.String, java.lang.String)[pri:0, instance:com.sqa.ao.helped.RevTests@115c6cb]" name="testReverseStringMS" class="com.sqa.ao.helped.RevTests"/>
        <method signature="RevTests.testReverseStringPN(java.lang.String, java.lang.String)[pri:0, instance:com.sqa.ao.helped.RevTests@115c6cb]" name="testReverseStringPN" class="com.sqa.ao.helped.RevTests"/>
        <method signature="RevTests.testReverseStringRA(java.lang.String, java.lang.String)[pri:0, instance:com.sqa.ao.helped.RevTests@115c6cb]" name="testReverseStringRA" class="com.sqa.ao.helped.RevTests"/>
        <method signature="RevTests.testReverseStringTS(java.lang.String, java.lang.String)[pri:0, instance:com.sqa.ao.helped.RevTests@115c6cb]" name="testReverseStringTS" class="com.sqa.ao.helped.RevTests"/>
      </group> <!-- Phase2 -->
    </groups>
    <test name="Default test" duration-ms="136" started-at="2015-10-26T20:31:25Z" finished-at="2015-10-26T20:31:25Z">
      <class name="com.sqa.ao.helped.RevTests">
        <test-method status="PASS" signature="testReverseStringAO(java.lang.String, java.lang.String)[pri:0, instance:com.sqa.ao.helped.RevTests@115c6cb]" name="testReverseStringAO" duration-ms="35" started-at="2015-10-26T13:31:25Z" data-provider="Reverse String" finished-at="2015-10-26T13:31:25Z">
          <params>
            <param index="0">
              <value>
                <![CDATA[test]]>
              </value>
            </param>
            <param index="1">
              <value>
                <![CDATA[tset]]>
              </value>
            </param>
          </params>
          <reporter-output>
          </reporter-output>
        </test-method> <!-- testReverseStringAO -->
        <test-method status="PASS" signature="testReverseStringAO(java.lang.String, java.lang.String)[pri:0, instance:com.sqa.ao.helped.RevTests@115c6cb]" name="testReverseStringAO" duration-ms="2" started-at="2015-10-26T13:31:25Z" data-provider="Reverse String" finished-at="2015-10-26T13:31:25Z">
          <params>
            <param index="0">
              <value>
                <![CDATA[java classes]]>
              </value>
            </param>
            <param index="1">
              <value>
                <![CDATA[sessalc avaj]]>
              </value>
            </param>
          </params>
          <reporter-output>
          </reporter-output>
        </test-method> <!-- testReverseStringAO -->
        <test-method status="PASS" signature="testReverseStringAO(java.lang.String, java.lang.String)[pri:0, instance:com.sqa.ao.helped.RevTests@115c6cb]" name="testReverseStringAO" duration-ms="1" started-at="2015-10-26T13:31:25Z" data-provider="Reverse String" finished-at="2015-10-26T13:31:25Z">
          <params>
            <param index="0">
              <value>
                <![CDATA[google]]>
              </value>
            </param>
            <param index="1">
              <value>
                <![CDATA[elgoog]]>
              </value>
            </param>
          </params>
          <reporter-output>
          </reporter-output>
        </test-method> <!-- testReverseStringAO -->
        <test-method status="PASS" signature="testReverseStringAO(java.lang.String, java.lang.String)[pri:0, instance:com.sqa.ao.helped.RevTests@115c6cb]" name="testReverseStringAO" duration-ms="1" started-at="2015-10-26T13:31:25Z" data-provider="Reverse String" finished-at="2015-10-26T13:31:25Z">
          <params>
            <param index="0">
              <value>
                <![CDATA[Og ug]]>
              </value>
            </param>
            <param index="1">
              <value>
                <![CDATA[gu gO]]>
              </value>
            </param>
          </params>
          <reporter-output>
          </reporter-output>
        </test-method> <!-- testReverseStringAO -->
        <test-method status="PASS" signature="testReverseStringAO(java.lang.String, java.lang.String)[pri:0, instance:com.sqa.ao.helped.RevTests@115c6cb]" name="testReverseStringAO" duration-ms="1" started-at="2015-10-26T13:31:25Z" data-provider="Reverse String" finished-at="2015-10-26T13:31:25Z">
          <params>
            <param index="0">
              <value>
                <![CDATA[ydysya h]]>
              </value>
            </param>
            <param index="1">
              <value>
                <![CDATA[h aysydy]]>
              </value>
            </param>
          </params>
          <reporter-output>
          </reporter-output>
        </test-method> <!-- testReverseStringAO -->
        <test-method status="PASS" signature="testReverseStringAO(java.lang.String, java.lang.String)[pri:0, instance:com.sqa.ao.helped.RevTests@115c6cb]" name="testReverseStringAO" duration-ms="0" started-at="2015-10-26T13:31:25Z" data-provider="Reverse String" finished-at="2015-10-26T13:31:25Z">
          <params>
            <param index="0">
              <value>
                <![CDATA[1234 5 6]]>
              </value>
            </param>
            <param index="1">
              <value>
                <![CDATA[6 5 4321]]>
              </value>
            </param>
          </params>
          <reporter-output>
          </reporter-output>
        </test-method> <!-- testReverseStringAO -->
        <test-method status="PASS" signature="testReverseStringAO(java.lang.String, java.lang.String)[pri:0, instance:com.sqa.ao.helped.RevTests@115c6cb]" name="testReverseStringAO" duration-ms="1" started-at="2015-10-26T13:31:25Z" data-provider="Reverse String" finished-at="2015-10-26T13:31:25Z">
          <params>
            <param index="0">
              <value>
                <![CDATA[1 2 3]]>
              </value>
            </param>
            <param index="1">
              <value>
                <![CDATA[3 2 1]]>
              </value>
            </param>
          </params>
          <reporter-output>
          </reporter-output>
        </test-method> <!-- testReverseStringAO -->
        <test-method status="PASS" signature="testReverseStringAO(java.lang.String, java.lang.String)[pri:0, instance:com.sqa.ao.helped.RevTests@115c6cb]" name="testReverseStringAO" duration-ms="1" started-at="2015-10-26T13:31:25Z" data-provider="Reverse String" finished-at="2015-10-26T13:31:25Z">
          <params>
            <param index="0">
              <value>
                <![CDATA[a ab a]]>
              </value>
            </param>
            <param index="1">
              <value>
                <![CDATA[a ba a]]>
              </value>
            </param>
          </params>
          <reporter-output>
          </reporter-output>
        </test-method> <!-- testReverseStringAO -->
        <test-method status="PASS" signature="testReverseStringAO(java.lang.String, java.lang.String)[pri:0, instance:com.sqa.ao.helped.RevTests@115c6cb]" name="testReverseStringAO" duration-ms="1" started-at="2015-10-26T13:31:25Z" data-provider="Reverse String" finished-at="2015-10-26T13:31:25Z">
          <params>
            <param index="0">
              <value>
                <![CDATA[1     a]]>
              </value>
            </param>
            <param index="1">
              <value>
                <![CDATA[a     1]]>
              </value>
            </param>
          </params>
          <reporter-output>
          </reporter-output>
        </test-method> <!-- testReverseStringAO -->
        <test-method status="PASS" signature="testReverseStringCharactersAP(java.lang.String, java.lang.String)[pri:0, instance:com.sqa.ao.helped.RevTests@115c6cb]" name="testReverseStringCharactersAP" duration-ms="1" started-at="2015-10-26T13:31:25Z" data-provider="Reverse String" finished-at="2015-10-26T13:31:25Z">
          <params>
            <param index="0">
              <value>
                <![CDATA[test]]>
              </value>
            </param>
            <param index="1">
              <value>
                <![CDATA[tset]]>
              </value>
            </param>
          </params>
          <reporter-output>
          </reporter-output>
        </test-method> <!-- testReverseStringCharactersAP -->
        <test-method status="PASS" signature="testReverseStringCharactersAP(java.lang.String, java.lang.String)[pri:0, instance:com.sqa.ao.helped.RevTests@115c6cb]" name="testReverseStringCharactersAP" duration-ms="0" started-at="2015-10-26T13:31:25Z" data-provider="Reverse String" finished-at="2015-10-26T13:31:25Z">
          <params>
            <param index="0">
              <value>
                <![CDATA[java classes]]>
              </value>
            </param>
            <param index="1">
              <value>
                <![CDATA[sessalc avaj]]>
              </value>
            </param>
          </params>
          <reporter-output>
          </reporter-output>
        </test-method> <!-- testReverseStringCharactersAP -->
        <test-method status="PASS" signature="testReverseStringCharactersAP(java.lang.String, java.lang.String)[pri:0, instance:com.sqa.ao.helped.RevTests@115c6cb]" name="testReverseStringCharactersAP" duration-ms="0" started-at="2015-10-26T13:31:25Z" data-provider="Reverse String" finished-at="2015-10-26T13:31:25Z">
          <params>
            <param index="0">
              <value>
                <![CDATA[google]]>
              </value>
            </param>
            <param index="1">
              <value>
                <![CDATA[elgoog]]>
              </value>
            </param>
          </params>
          <reporter-output>
          </reporter-output>
        </test-method> <!-- testReverseStringCharactersAP -->
        <test-method status="PASS" signature="testReverseStringCharactersAP(java.lang.String, java.lang.String)[pri:0, instance:com.sqa.ao.helped.RevTests@115c6cb]" name="testReverseStringCharactersAP" duration-ms="1" started-at="2015-10-26T13:31:25Z" data-provider="Reverse String" finished-at="2015-10-26T13:31:25Z">
          <params>
            <param index="0">
              <value>
                <![CDATA[Og ug]]>
              </value>
            </param>
            <param index="1">
              <value>
                <![CDATA[gu gO]]>
              </value>
            </param>
          </params>
          <reporter-output>
          </reporter-output>
        </test-method> <!-- testReverseStringCharactersAP -->
        <test-method status="PASS" signature="testReverseStringCharactersAP(java.lang.String, java.lang.String)[pri:0, instance:com.sqa.ao.helped.RevTests@115c6cb]" name="testReverseStringCharactersAP" duration-ms="1" started-at="2015-10-26T13:31:25Z" data-provider="Reverse String" finished-at="2015-10-26T13:31:25Z">
          <params>
            <param index="0">
              <value>
                <![CDATA[ydysya h]]>
              </value>
            </param>
            <param index="1">
              <value>
                <![CDATA[h aysydy]]>
              </value>
            </param>
          </params>
          <reporter-output>
          </reporter-output>
        </test-method> <!-- testReverseStringCharactersAP -->
        <test-method status="PASS" signature="testReverseStringCharactersAP(java.lang.String, java.lang.String)[pri:0, instance:com.sqa.ao.helped.RevTests@115c6cb]" name="testReverseStringCharactersAP" duration-ms="1" started-at="2015-10-26T13:31:25Z" data-provider="Reverse String" finished-at="2015-10-26T13:31:25Z">
          <params>
            <param index="0">
              <value>
                <![CDATA[1234 5 6]]>
              </value>
            </param>
            <param index="1">
              <value>
                <![CDATA[6 5 4321]]>
              </value>
            </param>
          </params>
          <reporter-output>
          </reporter-output>
        </test-method> <!-- testReverseStringCharactersAP -->
        <test-method status="PASS" signature="testReverseStringCharactersAP(java.lang.String, java.lang.String)[pri:0, instance:com.sqa.ao.helped.RevTests@115c6cb]" name="testReverseStringCharactersAP" duration-ms="1" started-at="2015-10-26T13:31:25Z" data-provider="Reverse String" finished-at="2015-10-26T13:31:25Z">
          <params>
            <param index="0">
              <value>
                <![CDATA[1 2 3]]>
              </value>
            </param>
            <param index="1">
              <value>
                <![CDATA[3 2 1]]>
              </value>
            </param>
          </params>
          <reporter-output>
          </reporter-output>
        </test-method> <!-- testReverseStringCharactersAP -->
        <test-method status="PASS" signature="testReverseStringCharactersAP(java.lang.String, java.lang.String)[pri:0, instance:com.sqa.ao.helped.RevTests@115c6cb]" name="testReverseStringCharactersAP" duration-ms="0" started-at="2015-10-26T13:31:25Z" data-provider="Reverse String" finished-at="2015-10-26T13:31:25Z">
          <params>
            <param index="0">
              <value>
                <![CDATA[a ab a]]>
              </value>
            </param>
            <param index="1">
              <value>
                <![CDATA[a ba a]]>
              </value>
            </param>
          </params>
          <reporter-output>
          </reporter-output>
        </test-method> <!-- testReverseStringCharactersAP -->
        <test-method status="PASS" signature="testReverseStringCharactersAP(java.lang.String, java.lang.String)[pri:0, instance:com.sqa.ao.helped.RevTests@115c6cb]" name="testReverseStringCharactersAP" duration-ms="0" started-at="2015-10-26T13:31:25Z" data-provider="Reverse String" finished-at="2015-10-26T13:31:25Z">
          <params>
            <param index="0">
              <value>
                <![CDATA[1     a]]>
              </value>
            </param>
            <param index="1">
              <value>
                <![CDATA[a     1]]>
              </value>
            </param>
          </params>
          <reporter-output>
          </reporter-output>
        </test-method> <!-- testReverseStringCharactersAP -->
        <test-method status="FAIL" signature="testReverseStringCharactersLL(java.lang.String, java.lang.String)[pri:0, instance:com.sqa.ao.helped.RevTests@115c6cb]" name="testReverseStringCharactersLL" duration-ms="3" started-at="2015-10-26T13:31:25Z" data-provider="Reverse String" finished-at="2015-10-26T13:31:25Z">
          <params>
            <param index="0">
              <value>
                <![CDATA[test]]>
              </value>
            </param>
            <param index="1">
              <value>
                <![CDATA[tset]]>
              </value>
            </param>
          </params>
          <exception class="java.lang.AssertionError">
            <message>
              <![CDATA[expected [tset] but found [tttt]]]>
            </message>
            <full-stacktrace>
              <![CDATA[java.lang.AssertionError: expected [tset] but found [tttt]
	at org.testng.Assert.fail(Assert.java:94)
	at org.testng.Assert.failNotEquals(Assert.java:494)
	at org.testng.Assert.assertEquals(Assert.java:123)
	at org.testng.Assert.assertEquals(Assert.java:176)
	at org.testng.Assert.assertEquals(Assert.java:186)
	at com.sqa.ao.helped.RevTests.testReverseStringCharactersLL(RevTests.java:32)
	at sun.reflect.NativeMethodAccessorImpl.invoke0(Native Method)
	at sun.reflect.NativeMethodAccessorImpl.invoke(NativeMethodAccessorImpl.java:57)
	at sun.reflect.DelegatingMethodAccessorImpl.invoke(DelegatingMethodAccessorImpl.java:43)
	at java.lang.reflect.Method.invoke(Method.java:606)
	at org.testng.internal.MethodInvocationHelper.invokeMethod(MethodInvocationHelper.java:84)
	at org.testng.internal.Invoker.invokeMethod(Invoker.java:714)
	at org.testng.internal.Invoker.invokeTestMethod(Invoker.java:901)
	at org.testng.internal.Invoker.invokeTestMethods(Invoker.java:1231)
	at org.testng.internal.TestMethodWorker.invokeTestMethods(TestMethodWorker.java:127)
	at org.testng.internal.TestMethodWorker.run(TestMethodWorker.java:111)
	at org.testng.TestRunner.privateRun(TestRunner.java:767)
	at org.testng.TestRunner.run(TestRunner.java:617)
	at org.testng.SuiteRunner.runTest(SuiteRunner.java:348)
	at org.testng.SuiteRunner.runSequentially(SuiteRunner.java:343)
	at org.testng.SuiteRunner.privateRun(SuiteRunner.java:305)
	at org.testng.SuiteRunner.run(SuiteRunner.java:254)
	at org.testng.SuiteRunnerWorker.runSuite(SuiteRunnerWorker.java:52)
	at org.testng.SuiteRunnerWorker.run(SuiteRunnerWorker.java:86)
	at org.testng.TestNG.runSuitesSequentially(TestNG.java:1224)
	at org.testng.TestNG.runSuitesLocally(TestNG.java:1149)
	at org.testng.TestNG.run(TestNG.java:1057)
	at org.testng.remote.RemoteTestNG.run(RemoteTestNG.java:111)
	at org.testng.remote.RemoteTestNG.initAndRun(RemoteTestNG.java:204)
	at org.testng.remote.RemoteTestNG.main(RemoteTestNG.java:175)
]]>
            </full-stacktrace>
          </exception> <!-- java.lang.AssertionError -->
          <reporter-output>
          </reporter-output>
        </test-method> <!-- testReverseStringCharactersLL -->
        <test-method status="FAIL" signature="testReverseStringCharactersLL(java.lang.String, java.lang.String)[pri:0, instance:com.sqa.ao.helped.RevTests@115c6cb]" name="testReverseStringCharactersLL" duration-ms="1" started-at="2015-10-26T13:31:25Z" data-provider="Reverse String" finished-at="2015-10-26T13:31:25Z">
          <params>
            <param index="0">
              <value>
                <![CDATA[java classes]]>
              </value>
            </param>
            <param index="1">
              <value>
                <![CDATA[sessalc avaj]]>
              </value>
            </param>
          </params>
          <exception class="java.lang.AssertionError">
            <message>
              <![CDATA[expected [sessalc avaj] but found [jjjjjjjjjjjj]]]>
            </message>
            <full-stacktrace>
              <![CDATA[java.lang.AssertionError: expected [sessalc avaj] but found [jjjjjjjjjjjj]
	at org.testng.Assert.fail(Assert.java:94)
	at org.testng.Assert.failNotEquals(Assert.java:494)
	at org.testng.Assert.assertEquals(Assert.java:123)
	at org.testng.Assert.assertEquals(Assert.java:176)
	at org.testng.Assert.assertEquals(Assert.java:186)
	at com.sqa.ao.helped.RevTests.testReverseStringCharactersLL(RevTests.java:32)
	at sun.reflect.NativeMethodAccessorImpl.invoke0(Native Method)
	at sun.reflect.NativeMethodAccessorImpl.invoke(NativeMethodAccessorImpl.java:57)
	at sun.reflect.DelegatingMethodAccessorImpl.invoke(DelegatingMethodAccessorImpl.java:43)
	at java.lang.reflect.Method.invoke(Method.java:606)
	at org.testng.internal.MethodInvocationHelper.invokeMethod(MethodInvocationHelper.java:84)
	at org.testng.internal.Invoker.invokeMethod(Invoker.java:714)
	at org.testng.internal.Invoker.invokeTestMethod(Invoker.java:901)
	at org.testng.internal.Invoker.invokeTestMethods(Invoker.java:1231)
	at org.testng.internal.TestMethodWorker.invokeTestMethods(TestMethodWorker.java:127)
	at org.testng.internal.TestMethodWorker.run(TestMethodWorker.java:111)
	at org.testng.TestRunner.privateRun(TestRunner.java:767)
	at org.testng.TestRunner.run(TestRunner.java:617)
	at org.testng.SuiteRunner.runTest(SuiteRunner.java:348)
	at org.testng.SuiteRunner.runSequentially(SuiteRunner.java:343)
	at org.testng.SuiteRunner.privateRun(SuiteRunner.java:305)
	at org.testng.SuiteRunner.run(SuiteRunner.java:254)
	at org.testng.SuiteRunnerWorker.runSuite(SuiteRunnerWorker.java:52)
	at org.testng.SuiteRunnerWorker.run(SuiteRunnerWorker.java:86)
	at org.testng.TestNG.runSuitesSequentially(TestNG.java:1224)
	at org.testng.TestNG.runSuitesLocally(TestNG.java:1149)
	at org.testng.TestNG.run(TestNG.java:1057)
	at org.testng.remote.RemoteTestNG.run(RemoteTestNG.java:111)
	at org.testng.remote.RemoteTestNG.initAndRun(RemoteTestNG.java:204)
	at org.testng.remote.RemoteTestNG.main(RemoteTestNG.java:175)
]]>
            </full-stacktrace>
          </exception> <!-- java.lang.AssertionError -->
          <reporter-output>
          </reporter-output>
        </test-method> <!-- testReverseStringCharactersLL -->
        <test-method status="FAIL" signature="testReverseStringCharactersLL(java.lang.String, java.lang.String)[pri:0, instance:com.sqa.ao.helped.RevTests@115c6cb]" name="testReverseStringCharactersLL" duration-ms="1" started-at="2015-10-26T13:31:25Z" data-provider="Reverse String" finished-at="2015-10-26T13:31:25Z">
          <params>
            <param index="0">
              <value>
                <![CDATA[google]]>
              </value>
            </param>
            <param index="1">
              <value>
                <![CDATA[elgoog]]>
              </value>
            </param>
          </params>
          <exception class="java.lang.AssertionError">
            <message>
              <![CDATA[expected [elgoog] but found [gggggg]]]>
            </message>
            <full-stacktrace>
              <![CDATA[java.lang.AssertionError: expected [elgoog] but found [gggggg]
	at org.testng.Assert.fail(Assert.java:94)
	at org.testng.Assert.failNotEquals(Assert.java:494)
	at org.testng.Assert.assertEquals(Assert.java:123)
	at org.testng.Assert.assertEquals(Assert.java:176)
	at org.testng.Assert.assertEquals(Assert.java:186)
	at com.sqa.ao.helped.RevTests.testReverseStringCharactersLL(RevTests.java:32)
	at sun.reflect.NativeMethodAccessorImpl.invoke0(Native Method)
	at sun.reflect.NativeMethodAccessorImpl.invoke(NativeMethodAccessorImpl.java:57)
	at sun.reflect.DelegatingMethodAccessorImpl.invoke(DelegatingMethodAccessorImpl.java:43)
	at java.lang.reflect.Method.invoke(Method.java:606)
	at org.testng.internal.MethodInvocationHelper.invokeMethod(MethodInvocationHelper.java:84)
	at org.testng.internal.Invoker.invokeMethod(Invoker.java:714)
	at org.testng.internal.Invoker.invokeTestMethod(Invoker.java:901)
	at org.testng.internal.Invoker.invokeTestMethods(Invoker.java:1231)
	at org.testng.internal.TestMethodWorker.invokeTestMethods(TestMethodWorker.java:127)
	at org.testng.internal.TestMethodWorker.run(TestMethodWorker.java:111)
	at org.testng.TestRunner.privateRun(TestRunner.java:767)
	at org.testng.TestRunner.run(TestRunner.java:617)
	at org.testng.SuiteRunner.runTest(SuiteRunner.java:348)
	at org.testng.SuiteRunner.runSequentially(SuiteRunner.java:343)
	at org.testng.SuiteRunner.privateRun(SuiteRunner.java:305)
	at org.testng.SuiteRunner.run(SuiteRunner.java:254)
	at org.testng.SuiteRunnerWorker.runSuite(SuiteRunnerWorker.java:52)
	at org.testng.SuiteRunnerWorker.run(SuiteRunnerWorker.java:86)
	at org.testng.TestNG.runSuitesSequentially(TestNG.java:1224)
	at org.testng.TestNG.runSuitesLocally(TestNG.java:1149)
	at org.testng.TestNG.run(TestNG.java:1057)
	at org.testng.remote.RemoteTestNG.run(RemoteTestNG.java:111)
	at org.testng.remote.RemoteTestNG.initAndRun(RemoteTestNG.java:204)
	at org.testng.remote.RemoteTestNG.main(RemoteTestNG.java:175)
]]>
            </full-stacktrace>
          </exception> <!-- java.lang.AssertionError -->
          <reporter-output>
          </reporter-output>
        </test-method> <!-- testReverseStringCharactersLL -->
        <test-method status="FAIL" signature="testReverseStringCharactersLL(java.lang.String, java.lang.String)[pri:0, instance:com.sqa.ao.helped.RevTests@115c6cb]" name="testReverseStringCharactersLL" duration-ms="1" started-at="2015-10-26T13:31:25Z" data-provider="Reverse String" finished-at="2015-10-26T13:31:25Z">
          <params>
            <param index="0">
              <value>
                <![CDATA[Og ug]]>
              </value>
            </param>
            <param index="1">
              <value>
                <![CDATA[gu gO]]>
              </value>
            </param>
          </params>
          <exception class="java.lang.AssertionError">
            <message>
              <![CDATA[expected [gu gO] but found [OOOOO]]]>
            </message>
            <full-stacktrace>
              <![CDATA[java.lang.AssertionError: expected [gu gO] but found [OOOOO]
	at org.testng.Assert.fail(Assert.java:94)
	at org.testng.Assert.failNotEquals(Assert.java:494)
	at org.testng.Assert.assertEquals(Assert.java:123)
	at org.testng.Assert.assertEquals(Assert.java:176)
	at org.testng.Assert.assertEquals(Assert.java:186)
	at com.sqa.ao.helped.RevTests.testReverseStringCharactersLL(RevTests.java:32)
	at sun.reflect.NativeMethodAccessorImpl.invoke0(Native Method)
	at sun.reflect.NativeMethodAccessorImpl.invoke(NativeMethodAccessorImpl.java:57)
	at sun.reflect.DelegatingMethodAccessorImpl.invoke(DelegatingMethodAccessorImpl.java:43)
	at java.lang.reflect.Method.invoke(Method.java:606)
	at org.testng.internal.MethodInvocationHelper.invokeMethod(MethodInvocationHelper.java:84)
	at org.testng.internal.Invoker.invokeMethod(Invoker.java:714)
	at org.testng.internal.Invoker.invokeTestMethod(Invoker.java:901)
	at org.testng.internal.Invoker.invokeTestMethods(Invoker.java:1231)
	at org.testng.internal.TestMethodWorker.invokeTestMethods(TestMethodWorker.java:127)
	at org.testng.internal.TestMethodWorker.run(TestMethodWorker.java:111)
	at org.testng.TestRunner.privateRun(TestRunner.java:767)
	at org.testng.TestRunner.run(TestRunner.java:617)
	at org.testng.SuiteRunner.runTest(SuiteRunner.java:348)
	at org.testng.SuiteRunner.runSequentially(SuiteRunner.java:343)
	at org.testng.SuiteRunner.privateRun(SuiteRunner.java:305)
	at org.testng.SuiteRunner.run(SuiteRunner.java:254)
	at org.testng.SuiteRunnerWorker.runSuite(SuiteRunnerWorker.java:52)
	at org.testng.SuiteRunnerWorker.run(SuiteRunnerWorker.java:86)
	at org.testng.TestNG.runSuitesSequentially(TestNG.java:1224)
	at org.testng.TestNG.runSuitesLocally(TestNG.java:1149)
	at org.testng.TestNG.run(TestNG.java:1057)
	at org.testng.remote.RemoteTestNG.run(RemoteTestNG.java:111)
	at org.testng.remote.RemoteTestNG.initAndRun(RemoteTestNG.java:204)
	at org.testng.remote.RemoteTestNG.main(RemoteTestNG.java:175)
]]>
            </full-stacktrace>
          </exception> <!-- java.lang.AssertionError -->
          <reporter-output>
          </reporter-output>
        </test-method> <!-- testReverseStringCharactersLL -->
        <test-method status="FAIL" signature="testReverseStringCharactersLL(java.lang.String, java.lang.String)[pri:0, instance:com.sqa.ao.helped.RevTests@115c6cb]" name="testReverseStringCharactersLL" duration-ms="0" started-at="2015-10-26T13:31:25Z" data-provider="Reverse String" finished-at="2015-10-26T13:31:25Z">
          <params>
            <param index="0">
              <value>
                <![CDATA[ydysya h]]>
              </value>
            </param>
            <param index="1">
              <value>
                <![CDATA[h aysydy]]>
              </value>
            </param>
          </params>
          <exception class="java.lang.AssertionError">
            <message>
              <![CDATA[expected [h aysydy] but found [yyyyyyyy]]]>
            </message>
            <full-stacktrace>
              <![CDATA[java.lang.AssertionError: expected [h aysydy] but found [yyyyyyyy]
	at org.testng.Assert.fail(Assert.java:94)
	at org.testng.Assert.failNotEquals(Assert.java:494)
	at org.testng.Assert.assertEquals(Assert.java:123)
	at org.testng.Assert.assertEquals(Assert.java:176)
	at org.testng.Assert.assertEquals(Assert.java:186)
	at com.sqa.ao.helped.RevTests.testReverseStringCharactersLL(RevTests.java:32)
	at sun.reflect.NativeMethodAccessorImpl.invoke0(Native Method)
	at sun.reflect.NativeMethodAccessorImpl.invoke(NativeMethodAccessorImpl.java:57)
	at sun.reflect.DelegatingMethodAccessorImpl.invoke(DelegatingMethodAccessorImpl.java:43)
	at java.lang.reflect.Method.invoke(Method.java:606)
	at org.testng.internal.MethodInvocationHelper.invokeMethod(MethodInvocationHelper.java:84)
	at org.testng.internal.Invoker.invokeMethod(Invoker.java:714)
	at org.testng.internal.Invoker.invokeTestMethod(Invoker.java:901)
	at org.testng.internal.Invoker.invokeTestMethods(Invoker.java:1231)
	at org.testng.internal.TestMethodWorker.invokeTestMethods(TestMethodWorker.java:127)
	at org.testng.internal.TestMethodWorker.run(TestMethodWorker.java:111)
	at org.testng.TestRunner.privateRun(TestRunner.java:767)
	at org.testng.TestRunner.run(TestRunner.java:617)
	at org.testng.SuiteRunner.runTest(SuiteRunner.java:348)
	at org.testng.SuiteRunner.runSequentially(SuiteRunner.java:343)
	at org.testng.SuiteRunner.privateRun(SuiteRunner.java:305)
	at org.testng.SuiteRunner.run(SuiteRunner.java:254)
	at org.testng.SuiteRunnerWorker.runSuite(SuiteRunnerWorker.java:52)
	at org.testng.SuiteRunnerWorker.run(SuiteRunnerWorker.java:86)
	at org.testng.TestNG.runSuitesSequentially(TestNG.java:1224)
	at org.testng.TestNG.runSuitesLocally(TestNG.java:1149)
	at org.testng.TestNG.run(TestNG.java:1057)
	at org.testng.remote.RemoteTestNG.run(RemoteTestNG.java:111)
	at org.testng.remote.RemoteTestNG.initAndRun(RemoteTestNG.java:204)
	at org.testng.remote.RemoteTestNG.main(RemoteTestNG.java:175)
]]>
            </full-stacktrace>
          </exception> <!-- java.lang.AssertionError -->
          <reporter-output>
          </reporter-output>
        </test-method> <!-- testReverseStringCharactersLL -->
        <test-method status="FAIL" signature="testReverseStringCharactersLL(java.lang.String, java.lang.String)[pri:0, instance:com.sqa.ao.helped.RevTests@115c6cb]" name="testReverseStringCharactersLL" duration-ms="1" started-at="2015-10-26T13:31:25Z" data-provider="Reverse String" finished-at="2015-10-26T13:31:25Z">
          <params>
            <param index="0">
              <value>
                <![CDATA[1234 5 6]]>
              </value>
            </param>
            <param index="1">
              <value>
                <![CDATA[6 5 4321]]>
              </value>
            </param>
          </params>
          <exception class="java.lang.AssertionError">
            <message>
              <![CDATA[expected [6 5 4321] but found [11111111]]]>
            </message>
            <full-stacktrace>
              <![CDATA[java.lang.AssertionError: expected [6 5 4321] but found [11111111]
	at org.testng.Assert.fail(Assert.java:94)
	at org.testng.Assert.failNotEquals(Assert.java:494)
	at org.testng.Assert.assertEquals(Assert.java:123)
	at org.testng.Assert.assertEquals(Assert.java:176)
	at org.testng.Assert.assertEquals(Assert.java:186)
	at com.sqa.ao.helped.RevTests.testReverseStringCharactersLL(RevTests.java:32)
	at sun.reflect.NativeMethodAccessorImpl.invoke0(Native Method)
	at sun.reflect.NativeMethodAccessorImpl.invoke(NativeMethodAccessorImpl.java:57)
	at sun.reflect.DelegatingMethodAccessorImpl.invoke(DelegatingMethodAccessorImpl.java:43)
	at java.lang.reflect.Method.invoke(Method.java:606)
	at org.testng.internal.MethodInvocationHelper.invokeMethod(MethodInvocationHelper.java:84)
	at org.testng.internal.Invoker.invokeMethod(Invoker.java:714)
	at org.testng.internal.Invoker.invokeTestMethod(Invoker.java:901)
	at org.testng.internal.Invoker.invokeTestMethods(Invoker.java:1231)
	at org.testng.internal.TestMethodWorker.invokeTestMethods(TestMethodWorker.java:127)
	at org.testng.internal.TestMethodWorker.run(TestMethodWorker.java:111)
	at org.testng.TestRunner.privateRun(TestRunner.java:767)
	at org.testng.TestRunner.run(TestRunner.java:617)
	at org.testng.SuiteRunner.runTest(SuiteRunner.java:348)
	at org.testng.SuiteRunner.runSequentially(SuiteRunner.java:343)
	at org.testng.SuiteRunner.privateRun(SuiteRunner.java:305)
	at org.testng.SuiteRunner.run(SuiteRunner.java:254)
	at org.testng.SuiteRunnerWorker.runSuite(SuiteRunnerWorker.java:52)
	at org.testng.SuiteRunnerWorker.run(SuiteRunnerWorker.java:86)
	at org.testng.TestNG.runSuitesSequentially(TestNG.java:1224)
	at org.testng.TestNG.runSuitesLocally(TestNG.java:1149)
	at org.testng.TestNG.run(TestNG.java:1057)
	at org.testng.remote.RemoteTestNG.run(RemoteTestNG.java:111)
	at org.testng.remote.RemoteTestNG.initAndRun(RemoteTestNG.java:204)
	at org.testng.remote.RemoteTestNG.main(RemoteTestNG.java:175)
]]>
            </full-stacktrace>
          </exception> <!-- java.lang.AssertionError -->
          <reporter-output>
          </reporter-output>
        </test-method> <!-- testReverseStringCharactersLL -->
        <test-method status="FAIL" signature="testReverseStringCharactersLL(java.lang.String, java.lang.String)[pri:0, instance:com.sqa.ao.helped.RevTests@115c6cb]" name="testReverseStringCharactersLL" duration-ms="1" started-at="2015-10-26T13:31:25Z" data-provider="Reverse String" finished-at="2015-10-26T13:31:25Z">
          <params>
            <param index="0">
              <value>
                <![CDATA[1 2 3]]>
              </value>
            </param>
            <param index="1">
              <value>
                <![CDATA[3 2 1]]>
              </value>
            </param>
          </params>
          <exception class="java.lang.AssertionError">
            <message>
              <![CDATA[expected [3 2 1] but found [11111]]]>
            </message>
            <full-stacktrace>
              <![CDATA[java.lang.AssertionError: expected [3 2 1] but found [11111]
	at org.testng.Assert.fail(Assert.java:94)
	at org.testng.Assert.failNotEquals(Assert.java:494)
	at org.testng.Assert.assertEquals(Assert.java:123)
	at org.testng.Assert.assertEquals(Assert.java:176)
	at org.testng.Assert.assertEquals(Assert.java:186)
	at com.sqa.ao.helped.RevTests.testReverseStringCharactersLL(RevTests.java:32)
	at sun.reflect.NativeMethodAccessorImpl.invoke0(Native Method)
	at sun.reflect.NativeMethodAccessorImpl.invoke(NativeMethodAccessorImpl.java:57)
	at sun.reflect.DelegatingMethodAccessorImpl.invoke(DelegatingMethodAccessorImpl.java:43)
	at java.lang.reflect.Method.invoke(Method.java:606)
	at org.testng.internal.MethodInvocationHelper.invokeMethod(MethodInvocationHelper.java:84)
	at org.testng.internal.Invoker.invokeMethod(Invoker.java:714)
	at org.testng.internal.Invoker.invokeTestMethod(Invoker.java:901)
	at org.testng.internal.Invoker.invokeTestMethods(Invoker.java:1231)
	at org.testng.internal.TestMethodWorker.invokeTestMethods(TestMethodWorker.java:127)
	at org.testng.internal.TestMethodWorker.run(TestMethodWorker.java:111)
	at org.testng.TestRunner.privateRun(TestRunner.java:767)
	at org.testng.TestRunner.run(TestRunner.java:617)
	at org.testng.SuiteRunner.runTest(SuiteRunner.java:348)
	at org.testng.SuiteRunner.runSequentially(SuiteRunner.java:343)
	at org.testng.SuiteRunner.privateRun(SuiteRunner.java:305)
	at org.testng.SuiteRunner.run(SuiteRunner.java:254)
	at org.testng.SuiteRunnerWorker.runSuite(SuiteRunnerWorker.java:52)
	at org.testng.SuiteRunnerWorker.run(SuiteRunnerWorker.java:86)
	at org.testng.TestNG.runSuitesSequentially(TestNG.java:1224)
	at org.testng.TestNG.runSuitesLocally(TestNG.java:1149)
	at org.testng.TestNG.run(TestNG.java:1057)
	at org.testng.remote.RemoteTestNG.run(RemoteTestNG.java:111)
	at org.testng.remote.RemoteTestNG.initAndRun(RemoteTestNG.java:204)
	at org.testng.remote.RemoteTestNG.main(RemoteTestNG.java:175)
]]>
            </full-stacktrace>
          </exception> <!-- java.lang.AssertionError -->
          <reporter-output>
          </reporter-output>
        </test-method> <!-- testReverseStringCharactersLL -->
        <test-method status="FAIL" signature="testReverseStringCharactersLL(java.lang.String, java.lang.String)[pri:0, instance:com.sqa.ao.helped.RevTests@115c6cb]" name="testReverseStringCharactersLL" duration-ms="0" started-at="2015-10-26T13:31:25Z" data-provider="Reverse String" finished-at="2015-10-26T13:31:25Z">
          <params>
            <param index="0">
              <value>
                <![CDATA[a ab a]]>
              </value>
            </param>
            <param index="1">
              <value>
                <![CDATA[a ba a]]>
              </value>
            </param>
          </params>
          <exception class="java.lang.AssertionError">
            <message>
              <![CDATA[expected [a ba a] but found [aaaaaa]]]>
            </message>
            <full-stacktrace>
              <![CDATA[java.lang.AssertionError: expected [a ba a] but found [aaaaaa]
	at org.testng.Assert.fail(Assert.java:94)
	at org.testng.Assert.failNotEquals(Assert.java:494)
	at org.testng.Assert.assertEquals(Assert.java:123)
	at org.testng.Assert.assertEquals(Assert.java:176)
	at org.testng.Assert.assertEquals(Assert.java:186)
	at com.sqa.ao.helped.RevTests.testReverseStringCharactersLL(RevTests.java:32)
	at sun.reflect.NativeMethodAccessorImpl.invoke0(Native Method)
	at sun.reflect.NativeMethodAccessorImpl.invoke(NativeMethodAccessorImpl.java:57)
	at sun.reflect.DelegatingMethodAccessorImpl.invoke(DelegatingMethodAccessorImpl.java:43)
	at java.lang.reflect.Method.invoke(Method.java:606)
	at org.testng.internal.MethodInvocationHelper.invokeMethod(MethodInvocationHelper.java:84)
	at org.testng.internal.Invoker.invokeMethod(Invoker.java:714)
	at org.testng.internal.Invoker.invokeTestMethod(Invoker.java:901)
	at org.testng.internal.Invoker.invokeTestMethods(Invoker.java:1231)
	at org.testng.internal.TestMethodWorker.invokeTestMethods(TestMethodWorker.java:127)
	at org.testng.internal.TestMethodWorker.run(TestMethodWorker.java:111)
	at org.testng.TestRunner.privateRun(TestRunner.java:767)
	at org.testng.TestRunner.run(TestRunner.java:617)
	at org.testng.SuiteRunner.runTest(SuiteRunner.java:348)
	at org.testng.SuiteRunner.runSequentially(SuiteRunner.java:343)
	at org.testng.SuiteRunner.privateRun(SuiteRunner.java:305)
	at org.testng.SuiteRunner.run(SuiteRunner.java:254)
	at org.testng.SuiteRunnerWorker.runSuite(SuiteRunnerWorker.java:52)
	at org.testng.SuiteRunnerWorker.run(SuiteRunnerWorker.java:86)
	at org.testng.TestNG.runSuitesSequentially(TestNG.java:1224)
	at org.testng.TestNG.runSuitesLocally(TestNG.java:1149)
	at org.testng.TestNG.run(TestNG.java:1057)
	at org.testng.remote.RemoteTestNG.run(RemoteTestNG.java:111)
	at org.testng.remote.RemoteTestNG.initAndRun(RemoteTestNG.java:204)
	at org.testng.remote.RemoteTestNG.main(RemoteTestNG.java:175)
]]>
            </full-stacktrace>
          </exception> <!-- java.lang.AssertionError -->
          <reporter-output>
          </reporter-output>
        </test-method> <!-- testReverseStringCharactersLL -->
        <test-method status="FAIL" signature="testReverseStringCharactersLL(java.lang.String, java.lang.String)[pri:0, instance:com.sqa.ao.helped.RevTests@115c6cb]" name="testReverseStringCharactersLL" duration-ms="1" started-at="2015-10-26T13:31:25Z" data-provider="Reverse String" finished-at="2015-10-26T13:31:25Z">
          <params>
            <param index="0">
              <value>
                <![CDATA[1     a]]>
              </value>
            </param>
            <param index="1">
              <value>
                <![CDATA[a     1]]>
              </value>
            </param>
          </params>
          <exception class="java.lang.AssertionError">
            <message>
              <![CDATA[expected [a     1] but found [1111111]]]>
            </message>
            <full-stacktrace>
              <![CDATA[java.lang.AssertionError: expected [a     1] but found [1111111]
	at org.testng.Assert.fail(Assert.java:94)
	at org.testng.Assert.failNotEquals(Assert.java:494)
	at org.testng.Assert.assertEquals(Assert.java:123)
	at org.testng.Assert.assertEquals(Assert.java:176)
	at org.testng.Assert.assertEquals(Assert.java:186)
	at com.sqa.ao.helped.RevTests.testReverseStringCharactersLL(RevTests.java:32)
	at sun.reflect.NativeMethodAccessorImpl.invoke0(Native Method)
	at sun.reflect.NativeMethodAccessorImpl.invoke(NativeMethodAccessorImpl.java:57)
	at sun.reflect.DelegatingMethodAccessorImpl.invoke(DelegatingMethodAccessorImpl.java:43)
	at java.lang.reflect.Method.invoke(Method.java:606)
	at org.testng.internal.MethodInvocationHelper.invokeMethod(MethodInvocationHelper.java:84)
	at org.testng.internal.Invoker.invokeMethod(Invoker.java:714)
	at org.testng.internal.Invoker.invokeTestMethod(Invoker.java:901)
	at org.testng.internal.Invoker.invokeTestMethods(Invoker.java:1231)
	at org.testng.internal.TestMethodWorker.invokeTestMethods(TestMethodWorker.java:127)
	at org.testng.internal.TestMethodWorker.run(TestMethodWorker.java:111)
	at org.testng.TestRunner.privateRun(TestRunner.java:767)
	at org.testng.TestRunner.run(TestRunner.java:617)
	at org.testng.SuiteRunner.runTest(SuiteRunner.java:348)
	at org.testng.SuiteRunner.runSequentially(SuiteRunner.java:343)
	at org.testng.SuiteRunner.privateRun(SuiteRunner.java:305)
	at org.testng.SuiteRunner.run(SuiteRunner.java:254)
	at org.testng.SuiteRunnerWorker.runSuite(SuiteRunnerWorker.java:52)
	at org.testng.SuiteRunnerWorker.run(SuiteRunnerWorker.java:86)
	at org.testng.TestNG.runSuitesSequentially(TestNG.java:1224)
	at org.testng.TestNG.runSuitesLocally(TestNG.java:1149)
	at org.testng.TestNG.run(TestNG.java:1057)
	at org.testng.remote.RemoteTestNG.run(RemoteTestNG.java:111)
	at org.testng.remote.RemoteTestNG.initAndRun(RemoteTestNG.java:204)
	at org.testng.remote.RemoteTestNG.main(RemoteTestNG.java:175)
]]>
            </full-stacktrace>
          </exception> <!-- java.lang.AssertionError -->
          <reporter-output>
          </reporter-output>
        </test-method> <!-- testReverseStringCharactersLL -->
        <test-method status="PASS" signature="testReverseStringMS(java.lang.String, java.lang.String)[pri:0, instance:com.sqa.ao.helped.RevTests@115c6cb]" name="testReverseStringMS" duration-ms="2" started-at="2015-10-26T13:31:25Z" data-provider="Reverse String" finished-at="2015-10-26T13:31:25Z">
          <params>
            <param index="0">
              <value>
                <![CDATA[test]]>
              </value>
            </param>
            <param index="1">
              <value>
                <![CDATA[tset]]>
              </value>
            </param>
          </params>
          <reporter-output>
          </reporter-output>
        </test-method> <!-- testReverseStringMS -->
        <test-method status="PASS" signature="testReverseStringMS(java.lang.String, java.lang.String)[pri:0, instance:com.sqa.ao.helped.RevTests@115c6cb]" name="testReverseStringMS" duration-ms="0" started-at="2015-10-26T13:31:25Z" data-provider="Reverse String" finished-at="2015-10-26T13:31:25Z">
          <params>
            <param index="0">
              <value>
                <![CDATA[java classes]]>
              </value>
            </param>
            <param index="1">
              <value>
                <![CDATA[sessalc avaj]]>
              </value>
            </param>
          </params>
          <reporter-output>
          </reporter-output>
        </test-method> <!-- testReverseStringMS -->
        <test-method status="PASS" signature="testReverseStringMS(java.lang.String, java.lang.String)[pri:0, instance:com.sqa.ao.helped.RevTests@115c6cb]" name="testReverseStringMS" duration-ms="0" started-at="2015-10-26T13:31:25Z" data-provider="Reverse String" finished-at="2015-10-26T13:31:25Z">
          <params>
            <param index="0">
              <value>
                <![CDATA[google]]>
              </value>
            </param>
            <param index="1">
              <value>
                <![CDATA[elgoog]]>
              </value>
            </param>
          </params>
          <reporter-output>
          </reporter-output>
        </test-method> <!-- testReverseStringMS -->
        <test-method status="PASS" signature="testReverseStringMS(java.lang.String, java.lang.String)[pri:0, instance:com.sqa.ao.helped.RevTests@115c6cb]" name="testReverseStringMS" duration-ms="0" started-at="2015-10-26T13:31:25Z" data-provider="Reverse String" finished-at="2015-10-26T13:31:25Z">
          <params>
            <param index="0">
              <value>
                <![CDATA[Og ug]]>
              </value>
            </param>
            <param index="1">
              <value>
                <![CDATA[gu gO]]>
              </value>
            </param>
          </params>
          <reporter-output>
          </reporter-output>
        </test-method> <!-- testReverseStringMS -->
        <test-method status="PASS" signature="testReverseStringMS(java.lang.String, java.lang.String)[pri:0, instance:com.sqa.ao.helped.RevTests@115c6cb]" name="testReverseStringMS" duration-ms="0" started-at="2015-10-26T13:31:25Z" data-provider="Reverse String" finished-at="2015-10-26T13:31:25Z">
          <params>
            <param index="0">
              <value>
                <![CDATA[ydysya h]]>
              </value>
            </param>
            <param index="1">
              <value>
                <![CDATA[h aysydy]]>
              </value>
            </param>
          </params>
          <reporter-output>
          </reporter-output>
        </test-method> <!-- testReverseStringMS -->
        <test-method status="PASS" signature="testReverseStringMS(java.lang.String, java.lang.String)[pri:0, instance:com.sqa.ao.helped.RevTests@115c6cb]" name="testReverseStringMS" duration-ms="1" started-at="2015-10-26T13:31:25Z" data-provider="Reverse String" finished-at="2015-10-26T13:31:25Z">
          <params>
            <param index="0">
              <value>
                <![CDATA[1234 5 6]]>
              </value>
            </param>
            <param index="1">
              <value>
                <![CDATA[6 5 4321]]>
              </value>
            </param>
          </params>
          <reporter-output>
          </reporter-output>
        </test-method> <!-- testReverseStringMS -->
        <test-method status="PASS" signature="testReverseStringMS(java.lang.String, java.lang.String)[pri:0, instance:com.sqa.ao.helped.RevTests@115c6cb]" name="testReverseStringMS" duration-ms="1" started-at="2015-10-26T13:31:25Z" data-provider="Reverse String" finished-at="2015-10-26T13:31:25Z">
          <params>
            <param index="0">
              <value>
                <![CDATA[1 2 3]]>
              </value>
            </param>
            <param index="1">
              <value>
                <![CDATA[3 2 1]]>
              </value>
            </param>
          </params>
          <reporter-output>
          </reporter-output>
        </test-method> <!-- testReverseStringMS -->
        <test-method status="PASS" signature="testReverseStringMS(java.lang.String, java.lang.String)[pri:0, instance:com.sqa.ao.helped.RevTests@115c6cb]" name="testReverseStringMS" duration-ms="1" started-at="2015-10-26T13:31:25Z" data-provider="Reverse String" finished-at="2015-10-26T13:31:25Z">
          <params>
            <param index="0">
              <value>
                <![CDATA[a ab a]]>
              </value>
            </param>
            <param index="1">
              <value>
                <![CDATA[a ba a]]>
              </value>
            </param>
          </params>
          <reporter-output>
          </reporter-output>
        </test-method> <!-- testReverseStringMS -->
        <test-method status="PASS" signature="testReverseStringMS(java.lang.String, java.lang.String)[pri:0, instance:com.sqa.ao.helped.RevTests@115c6cb]" name="testReverseStringMS" duration-ms="0" started-at="2015-10-26T13:31:25Z" data-provider="Reverse String" finished-at="2015-10-26T13:31:25Z">
          <params>
            <param index="0">
              <value>
                <![CDATA[1     a]]>
              </value>
            </param>
            <param index="1">
              <value>
                <![CDATA[a     1]]>
              </value>
            </param>
          </params>
          <reporter-output>
          </reporter-output>
        </test-method> <!-- testReverseStringMS -->
        <test-method status="PASS" signature="testReverseStringPN(java.lang.String, java.lang.String)[pri:0, instance:com.sqa.ao.helped.RevTests@115c6cb]" name="testReverseStringPN" duration-ms="1" started-at="2015-10-26T13:31:25Z" data-provider="Reverse String" finished-at="2015-10-26T13:31:25Z">
          <params>
            <param index="0">
              <value>
                <![CDATA[test]]>
              </value>
            </param>
            <param index="1">
              <value>
                <![CDATA[tset]]>
              </value>
            </param>
          </params>
          <reporter-output>
          </reporter-output>
        </test-method> <!-- testReverseStringPN -->
        <test-method status="PASS" signature="testReverseStringPN(java.lang.String, java.lang.String)[pri:0, instance:com.sqa.ao.helped.RevTests@115c6cb]" name="testReverseStringPN" duration-ms="0" started-at="2015-10-26T13:31:25Z" data-provider="Reverse String" finished-at="2015-10-26T13:31:25Z">
          <params>
            <param index="0">
              <value>
                <![CDATA[java classes]]>
              </value>
            </param>
            <param index="1">
              <value>
                <![CDATA[sessalc avaj]]>
              </value>
            </param>
          </params>
          <reporter-output>
          </reporter-output>
        </test-method> <!-- testReverseStringPN -->
        <test-method status="PASS" signature="testReverseStringPN(java.lang.String, java.lang.String)[pri:0, instance:com.sqa.ao.helped.RevTests@115c6cb]" name="testReverseStringPN" duration-ms="0" started-at="2015-10-26T13:31:25Z" data-provider="Reverse String" finished-at="2015-10-26T13:31:25Z">
          <params>
            <param index="0">
              <value>
                <![CDATA[google]]>
              </value>
            </param>
            <param index="1">
              <value>
                <![CDATA[elgoog]]>
              </value>
            </param>
          </params>
          <reporter-output>
          </reporter-output>
        </test-method> <!-- testReverseStringPN -->
        <test-method status="PASS" signature="testReverseStringPN(java.lang.String, java.lang.String)[pri:0, instance:com.sqa.ao.helped.RevTests@115c6cb]" name="testReverseStringPN" duration-ms="0" started-at="2015-10-26T13:31:25Z" data-provider="Reverse String" finished-at="2015-10-26T13:31:25Z">
          <params>
            <param index="0">
              <value>
                <![CDATA[Og ug]]>
              </value>
            </param>
            <param index="1">
              <value>
                <![CDATA[gu gO]]>
              </value>
            </param>
          </params>
          <reporter-output>
          </reporter-output>
        </test-method> <!-- testReverseStringPN -->
        <test-method status="PASS" signature="testReverseStringPN(java.lang.String, java.lang.String)[pri:0, instance:com.sqa.ao.helped.RevTests@115c6cb]" name="testReverseStringPN" duration-ms="0" started-at="2015-10-26T13:31:25Z" data-provider="Reverse String" finished-at="2015-10-26T13:31:25Z">
          <params>
            <param index="0">
              <value>
                <![CDATA[ydysya h]]>
              </value>
            </param>
            <param index="1">
              <value>
                <![CDATA[h aysydy]]>
              </value>
            </param>
          </params>
          <reporter-output>
          </reporter-output>
        </test-method> <!-- testReverseStringPN -->
        <test-method status="PASS" signature="testReverseStringPN(java.lang.String, java.lang.String)[pri:0, instance:com.sqa.ao.helped.RevTests@115c6cb]" name="testReverseStringPN" duration-ms="0" started-at="2015-10-26T13:31:25Z" data-provider="Reverse String" finished-at="2015-10-26T13:31:25Z">
          <params>
            <param index="0">
              <value>
                <![CDATA[1234 5 6]]>
              </value>
            </param>
            <param index="1">
              <value>
                <![CDATA[6 5 4321]]>
              </value>
            </param>
          </params>
          <reporter-output>
          </reporter-output>
        </test-method> <!-- testReverseStringPN -->
        <test-method status="PASS" signature="testReverseStringPN(java.lang.String, java.lang.String)[pri:0, instance:com.sqa.ao.helped.RevTests@115c6cb]" name="testReverseStringPN" duration-ms="1" started-at="2015-10-26T13:31:25Z" data-provider="Reverse String" finished-at="2015-10-26T13:31:25Z">
          <params>
            <param index="0">
              <value>
                <![CDATA[1 2 3]]>
              </value>
            </param>
            <param index="1">
              <value>
                <![CDATA[3 2 1]]>
              </value>
            </param>
          </params>
          <reporter-output>
          </reporter-output>
        </test-method> <!-- testReverseStringPN -->
        <test-method status="PASS" signature="testReverseStringPN(java.lang.String, java.lang.String)[pri:0, instance:com.sqa.ao.helped.RevTests@115c6cb]" name="testReverseStringPN" duration-ms="1" started-at="2015-10-26T13:31:25Z" data-provider="Reverse String" finished-at="2015-10-26T13:31:25Z">
          <params>
            <param index="0">
              <value>
                <![CDATA[a ab a]]>
              </value>
            </param>
            <param index="1">
              <value>
                <![CDATA[a ba a]]>
              </value>
            </param>
          </params>
          <reporter-output>
          </reporter-output>
        </test-method> <!-- testReverseStringPN -->
        <test-method status="PASS" signature="testReverseStringPN(java.lang.String, java.lang.String)[pri:0, instance:com.sqa.ao.helped.RevTests@115c6cb]" name="testReverseStringPN" duration-ms="1" started-at="2015-10-26T13:31:25Z" data-provider="Reverse String" finished-at="2015-10-26T13:31:25Z">
          <params>
            <param index="0">
              <value>
                <![CDATA[1     a]]>
              </value>
            </param>
            <param index="1">
              <value>
                <![CDATA[a     1]]>
              </value>
            </param>
          </params>
          <reporter-output>
          </reporter-output>
        </test-method> <!-- testReverseStringPN -->
        <test-method status="PASS" signature="testReverseStringRA(java.lang.String, java.lang.String)[pri:0, instance:com.sqa.ao.helped.RevTests@115c6cb]" name="testReverseStringRA" duration-ms="2" started-at="2015-10-26T13:31:25Z" data-provider="Reverse String" finished-at="2015-10-26T13:31:25Z">
          <params>
            <param index="0">
              <value>
                <![CDATA[test]]>
              </value>
            </param>
            <param index="1">
              <value>
                <![CDATA[tset]]>
              </value>
            </param>
          </params>
          <reporter-output>
          </reporter-output>
        </test-method> <!-- testReverseStringRA -->
        <test-method status="PASS" signature="testReverseStringRA(java.lang.String, java.lang.String)[pri:0, instance:com.sqa.ao.helped.RevTests@115c6cb]" name="testReverseStringRA" duration-ms="1" started-at="2015-10-26T13:31:25Z" data-provider="Reverse String" finished-at="2015-10-26T13:31:25Z">
          <params>
            <param index="0">
              <value>
                <![CDATA[java classes]]>
              </value>
            </param>
            <param index="1">
              <value>
                <![CDATA[sessalc avaj]]>
              </value>
            </param>
          </params>
          <reporter-output>
          </reporter-output>
        </test-method> <!-- testReverseStringRA -->
        <test-method status="PASS" signature="testReverseStringRA(java.lang.String, java.lang.String)[pri:0, instance:com.sqa.ao.helped.RevTests@115c6cb]" name="testReverseStringRA" duration-ms="1" started-at="2015-10-26T13:31:25Z" data-provider="Reverse String" finished-at="2015-10-26T13:31:25Z">
          <params>
            <param index="0">
              <value>
                <![CDATA[google]]>
              </value>
            </param>
            <param index="1">
              <value>
                <![CDATA[elgoog]]>
              </value>
            </param>
          </params>
          <reporter-output>
          </reporter-output>
        </test-method> <!-- testReverseStringRA -->
        <test-method status="PASS" signature="testReverseStringRA(java.lang.String, java.lang.String)[pri:0, instance:com.sqa.ao.helped.RevTests@115c6cb]" name="testReverseStringRA" duration-ms="1" started-at="2015-10-26T13:31:25Z" data-provider="Reverse String" finished-at="2015-10-26T13:31:25Z">
          <params>
            <param index="0">
              <value>
                <![CDATA[Og ug]]>
              </value>
            </param>
            <param index="1">
              <value>
                <![CDATA[gu gO]]>
              </value>
            </param>
          </params>
          <reporter-output>
          </reporter-output>
        </test-method> <!-- testReverseStringRA -->
        <test-method status="PASS" signature="testReverseStringRA(java.lang.String, java.lang.String)[pri:0, instance:com.sqa.ao.helped.RevTests@115c6cb]" name="testReverseStringRA" duration-ms="0" started-at="2015-10-26T13:31:25Z" data-provider="Reverse String" finished-at="2015-10-26T13:31:25Z">
          <params>
            <param index="0">
              <value>
                <![CDATA[ydysya h]]>
              </value>
            </param>
            <param index="1">
              <value>
                <![CDATA[h aysydy]]>
              </value>
            </param>
          </params>
          <reporter-output>
          </reporter-output>
        </test-method> <!-- testReverseStringRA -->
        <test-method status="PASS" signature="testReverseStringRA(java.lang.String, java.lang.String)[pri:0, instance:com.sqa.ao.helped.RevTests@115c6cb]" name="testReverseStringRA" duration-ms="0" started-at="2015-10-26T13:31:25Z" data-provider="Reverse String" finished-at="2015-10-26T13:31:25Z">
          <params>
            <param index="0">
              <value>
                <![CDATA[1234 5 6]]>
              </value>
            </param>
            <param index="1">
              <value>
                <![CDATA[6 5 4321]]>
              </value>
            </param>
          </params>
          <reporter-output>
          </reporter-output>
        </test-method> <!-- testReverseStringRA -->
        <test-method status="PASS" signature="testReverseStringRA(java.lang.String, java.lang.String)[pri:0, instance:com.sqa.ao.helped.RevTests@115c6cb]" name="testReverseStringRA" duration-ms="0" started-at="2015-10-26T13:31:25Z" data-provider="Reverse String" finished-at="2015-10-26T13:31:25Z">
          <params>
            <param index="0">
              <value>
                <![CDATA[1 2 3]]>
              </value>
            </param>
            <param index="1">
              <value>
                <![CDATA[3 2 1]]>
              </value>
            </param>
          </params>
          <reporter-output>
          </reporter-output>
        </test-method> <!-- testReverseStringRA -->
        <test-method status="PASS" signature="testReverseStringRA(java.lang.String, java.lang.String)[pri:0, instance:com.sqa.ao.helped.RevTests@115c6cb]" name="testReverseStringRA" duration-ms="1" started-at="2015-10-26T13:31:25Z" data-provider="Reverse String" finished-at="2015-10-26T13:31:25Z">
          <params>
            <param index="0">
              <value>
                <![CDATA[a ab a]]>
              </value>
            </param>
            <param index="1">
              <value>
                <![CDATA[a ba a]]>
              </value>
            </param>
          </params>
          <reporter-output>
          </reporter-output>
        </test-method> <!-- testReverseStringRA -->
        <test-method status="PASS" signature="testReverseStringRA(java.lang.String, java.lang.String)[pri:0, instance:com.sqa.ao.helped.RevTests@115c6cb]" name="testReverseStringRA" duration-ms="1" started-at="2015-10-26T13:31:25Z" data-provider="Reverse String" finished-at="2015-10-26T13:31:25Z">
          <params>
            <param index="0">
              <value>
                <![CDATA[1     a]]>
              </value>
            </param>
            <param index="1">
              <value>
                <![CDATA[a     1]]>
              </value>
            </param>
          </params>
          <reporter-output>
          </reporter-output>
        </test-method> <!-- testReverseStringRA -->
        <test-method status="PASS" signature="testReverseStringTS(java.lang.String, java.lang.String)[pri:0, instance:com.sqa.ao.helped.RevTests@115c6cb]" name="testReverseStringTS" duration-ms="1" started-at="2015-10-26T13:31:25Z" data-provider="Reverse String" finished-at="2015-10-26T13:31:25Z">
          <params>
            <param index="0">
              <value>
                <![CDATA[test]]>
              </value>
            </param>
            <param index="1">
              <value>
                <![CDATA[tset]]>
              </value>
            </param>
          </params>
          <reporter-output>
          </reporter-output>
        </test-method> <!-- testReverseStringTS -->
        <test-method status="PASS" signature="testReverseStringTS(java.lang.String, java.lang.String)[pri:0, instance:com.sqa.ao.helped.RevTests@115c6cb]" name="testReverseStringTS" duration-ms="0" started-at="2015-10-26T13:31:25Z" data-provider="Reverse String" finished-at="2015-10-26T13:31:25Z">
          <params>
            <param index="0">
              <value>
                <![CDATA[java classes]]>
              </value>
            </param>
            <param index="1">
              <value>
                <![CDATA[sessalc avaj]]>
              </value>
            </param>
          </params>
          <reporter-output>
          </reporter-output>
        </test-method> <!-- testReverseStringTS -->
        <test-method status="PASS" signature="testReverseStringTS(java.lang.String, java.lang.String)[pri:0, instance:com.sqa.ao.helped.RevTests@115c6cb]" name="testReverseStringTS" duration-ms="0" started-at="2015-10-26T13:31:25Z" data-provider="Reverse String" finished-at="2015-10-26T13:31:25Z">
          <params>
            <param index="0">
              <value>
                <![CDATA[google]]>
              </value>
            </param>
            <param index="1">
              <value>
                <![CDATA[elgoog]]>
              </value>
            </param>
          </params>
          <reporter-output>
          </reporter-output>
        </test-method> <!-- testReverseStringTS -->
        <test-method status="PASS" signature="testReverseStringTS(java.lang.String, java.lang.String)[pri:0, instance:com.sqa.ao.helped.RevTests@115c6cb]" name="testReverseStringTS" duration-ms="1" started-at="2015-10-26T13:31:25Z" data-provider="Reverse String" finished-at="2015-10-26T13:31:25Z">
          <params>
            <param index="0">
              <value>
                <![CDATA[Og ug]]>
              </value>
            </param>
            <param index="1">
              <value>
                <![CDATA[gu gO]]>
              </value>
            </param>
          </params>
          <reporter-output>
          </reporter-output>
        </test-method> <!-- testReverseStringTS -->
        <test-method status="PASS" signature="testReverseStringTS(java.lang.String, java.lang.String)[pri:0, instance:com.sqa.ao.helped.RevTests@115c6cb]" name="testReverseStringTS" duration-ms="0" started-at="2015-10-26T13:31:25Z" data-provider="Reverse String" finished-at="2015-10-26T13:31:25Z">
          <params>
            <param index="0">
              <value>
                <![CDATA[ydysya h]]>
              </value>
            </param>
            <param index="1">
              <value>
                <![CDATA[h aysydy]]>
              </value>
            </param>
          </params>
          <reporter-output>
          </reporter-output>
        </test-method> <!-- testReverseStringTS -->
        <test-method status="PASS" signature="testReverseStringTS(java.lang.String, java.lang.String)[pri:0, instance:com.sqa.ao.helped.RevTests@115c6cb]" name="testReverseStringTS" duration-ms="0" started-at="2015-10-26T13:31:25Z" data-provider="Reverse String" finished-at="2015-10-26T13:31:25Z">
          <params>
            <param index="0">
              <value>
                <![CDATA[1234 5 6]]>
              </value>
            </param>
            <param index="1">
              <value>
                <![CDATA[6 5 4321]]>
              </value>
            </param>
          </params>
          <reporter-output>
          </reporter-output>
        </test-method> <!-- testReverseStringTS -->
        <test-method status="PASS" signature="testReverseStringTS(java.lang.String, java.lang.String)[pri:0, instance:com.sqa.ao.helped.RevTests@115c6cb]" name="testReverseStringTS" duration-ms="0" started-at="2015-10-26T13:31:25Z" data-provider="Reverse String" finished-at="2015-10-26T13:31:25Z">
          <params>
            <param index="0">
              <value>
                <![CDATA[1 2 3]]>
              </value>
            </param>
            <param index="1">
              <value>
                <![CDATA[3 2 1]]>
              </value>
            </param>
          </params>
          <reporter-output>
          </reporter-output>
        </test-method> <!-- testReverseStringTS -->
        <test-method status="PASS" signature="testReverseStringTS(java.lang.String, java.lang.String)[pri:0, instance:com.sqa.ao.helped.RevTests@115c6cb]" name="testReverseStringTS" duration-ms="0" started-at="2015-10-26T13:31:25Z" data-provider="Reverse String" finished-at="2015-10-26T13:31:25Z">
          <params>
            <param index="0">
              <value>
                <![CDATA[a ab a]]>
              </value>
            </param>
            <param index="1">
              <value>
                <![CDATA[a ba a]]>
              </value>
            </param>
          </params>
          <reporter-output>
          </reporter-output>
        </test-method> <!-- testReverseStringTS -->
        <test-method status="PASS" signature="testReverseStringTS(java.lang.String, java.lang.String)[pri:0, instance:com.sqa.ao.helped.RevTests@115c6cb]" name="testReverseStringTS" duration-ms="0" started-at="2015-10-26T13:31:25Z" data-provider="Reverse String" finished-at="2015-10-26T13:31:25Z">
          <params>
            <param index="0">
              <value>
                <![CDATA[1     a]]>
              </value>
            </param>
            <param index="1">
              <value>
                <![CDATA[a     1]]>
              </value>
            </param>
          </params>
          <reporter-output>
          </reporter-output>
        </test-method> <!-- testReverseStringTS -->
      </class> <!-- com.sqa.ao.helped.RevTests -->
    </test> <!-- Default test -->
  </suite> <!-- Default suite -->
</testng-results>
